mode: atomic
github.com/TerraDharitri/drt-go-multi-factor-auth-service/cmd/multi-factor-auth/flags.go:94.28,108.2 1 0
github.com/TerraDharitri/drt-go-multi-factor-auth-service/cmd/multi-factor-auth/flags.go:109.65,125.2 13 0
github.com/TerraDharitri/drt-go-multi-factor-auth-service/cmd/multi-factor-auth/main.go:40.13,54.42 8 0
github.com/TerraDharitri/drt-go-multi-factor-auth-service/cmd/multi-factor-auth/main.go:54.42,56.3 1 0
github.com/TerraDharitri/drt-go-multi-factor-auth-service/cmd/multi-factor-auth/main.go:58.2,59.16 2 0
github.com/TerraDharitri/drt-go-multi-factor-auth-service/cmd/multi-factor-auth/main.go:59.16,62.3 2 0
github.com/TerraDharitri/drt-go-multi-factor-auth-service/cmd/multi-factor-auth/main.go:65.59,69.22 3 0
github.com/TerraDharitri/drt-go-multi-factor-auth-service/cmd/multi-factor-auth/main.go:69.22,71.3 1 0
github.com/TerraDharitri/drt-go-multi-factor-auth-service/cmd/multi-factor-auth/main.go:73.2,76.16 3 0
github.com/TerraDharitri/drt-go-multi-factor-auth-service/cmd/multi-factor-auth/main.go:76.16,78.3 1 0
github.com/TerraDharitri/drt-go-multi-factor-auth-service/cmd/multi-factor-auth/main.go:80.2,80.31 1 0
github.com/TerraDharitri/drt-go-multi-factor-auth-service/cmd/multi-factor-auth/main.go:80.31,82.17 2 0
github.com/TerraDharitri/drt-go-multi-factor-auth-service/cmd/multi-factor-auth/main.go:82.17,84.4 1 0
github.com/TerraDharitri/drt-go-multi-factor-auth-service/cmd/multi-factor-auth/main.go:87.2,88.16 2 0
github.com/TerraDharitri/drt-go-multi-factor-auth-service/cmd/multi-factor-auth/main.go:88.16,90.3 1 0
github.com/TerraDharitri/drt-go-multi-factor-auth-service/cmd/multi-factor-auth/main.go:92.2,93.16 2 0
github.com/TerraDharitri/drt-go-multi-factor-auth-service/cmd/multi-factor-auth/main.go:93.16,95.3 1 0
github.com/TerraDharitri/drt-go-multi-factor-auth-service/cmd/multi-factor-auth/main.go:97.2,97.31 1 0
github.com/TerraDharitri/drt-go-multi-factor-auth-service/cmd/multi-factor-auth/main.go:97.31,99.17 2 0
github.com/TerraDharitri/drt-go-multi-factor-auth-service/cmd/multi-factor-auth/main.go:99.17,101.4 1 0
github.com/TerraDharitri/drt-go-multi-factor-auth-service/cmd/multi-factor-auth/main.go:104.2,104.12 1 0
github.com/TerraDharitri/drt-go-multi-factor-auth-service/cmd/multi-factor-auth/main.go:107.82,109.16 2 0
github.com/TerraDharitri/drt-go-multi-factor-auth-service/cmd/multi-factor-auth/main.go:109.16,111.3 1 0
github.com/TerraDharitri/drt-go-multi-factor-auth-service/cmd/multi-factor-auth/main.go:112.2,115.16 3 0
github.com/TerraDharitri/drt-go-multi-factor-auth-service/cmd/multi-factor-auth/main.go:115.16,117.3 1 0
github.com/TerraDharitri/drt-go-multi-factor-auth-service/cmd/multi-factor-auth/main.go:118.2,121.16 3 0
github.com/TerraDharitri/drt-go-multi-factor-auth-service/cmd/multi-factor-auth/main.go:121.16,123.3 1 0
github.com/TerraDharitri/drt-go-multi-factor-auth-service/cmd/multi-factor-auth/main.go:124.2,131.8 2 0
github.com/TerraDharitri/drt-go-multi-factor-auth-service/cmd/multi-factor-auth/main.go:134.57,137.16 3 0
github.com/TerraDharitri/drt-go-multi-factor-auth-service/cmd/multi-factor-auth/main.go:137.16,139.3 1 0
github.com/TerraDharitri/drt-go-multi-factor-auth-service/cmd/multi-factor-auth/main.go:141.2,141.17 1 0
github.com/TerraDharitri/drt-go-multi-factor-auth-service/cmd/multi-factor-auth/main.go:145.69,148.16 3 0
github.com/TerraDharitri/drt-go-multi-factor-auth-service/cmd/multi-factor-auth/main.go:148.16,150.3 1 0
github.com/TerraDharitri/drt-go-multi-factor-auth-service/cmd/multi-factor-auth/main.go:152.2,152.17 1 0
github.com/TerraDharitri/drt-go-multi-factor-auth-service/cmd/multi-factor-auth/main.go:155.73,158.16 3 0
github.com/TerraDharitri/drt-go-multi-factor-auth-service/cmd/multi-factor-auth/main.go:158.16,160.3 1 0
github.com/TerraDharitri/drt-go-multi-factor-auth-service/cmd/multi-factor-auth/main.go:162.2,162.17 1 0
github.com/TerraDharitri/drt-go-multi-factor-auth-service/cmd/multi-factor-auth/main.go:165.122,168.29 3 0
github.com/TerraDharitri/drt-go-multi-factor-auth-service/cmd/multi-factor-auth/main.go:168.29,175.17 3 0
github.com/TerraDharitri/drt-go-multi-factor-auth-service/cmd/multi-factor-auth/main.go:175.17,177.4 1 0
github.com/TerraDharitri/drt-go-multi-factor-auth-service/cmd/multi-factor-auth/main.go:180.2,185.16 6 0
github.com/TerraDharitri/drt-go-multi-factor-auth-service/cmd/multi-factor-auth/main.go:185.16,187.3 1 0
github.com/TerraDharitri/drt-go-multi-factor-auth-service/cmd/multi-factor-auth/main.go:189.2,189.34 1 0
github.com/TerraDharitri/drt-go-multi-factor-auth-service/cmd/multi-factor-auth/main.go:189.34,191.17 2 0
github.com/TerraDharitri/drt-go-multi-factor-auth-service/cmd/multi-factor-auth/main.go:191.17,193.4 1 0
github.com/TerraDharitri/drt-go-multi-factor-auth-service/cmd/multi-factor-auth/main.go:195.3,196.17 2 0
github.com/TerraDharitri/drt-go-multi-factor-auth-service/cmd/multi-factor-auth/main.go:196.17,198.4 1 0
github.com/TerraDharitri/drt-go-multi-factor-auth-service/cmd/multi-factor-auth/main.go:200.2,202.25 2 0
github.com/TerraDharitri/drt-go-multi-factor-auth-service/api/middleware/contentLengthLimiter.go:23.109,25.43 2 4
github.com/TerraDharitri/drt-go-multi-factor-auth-service/api/middleware/contentLengthLimiter.go:25.43,28.37 2 4
github.com/TerraDharitri/drt-go-multi-factor-auth-service/api/middleware/contentLengthLimiter.go:28.37,31.4 2 12
github.com/TerraDharitri/drt-go-multi-factor-auth-service/api/middleware/contentLengthLimiter.go:34.2,36.8 1 4
github.com/TerraDharitri/drt-go-multi-factor-auth-service/api/middleware/contentLengthLimiter.go:41.72,42.30 1 4
github.com/TerraDharitri/drt-go-multi-factor-auth-service/api/middleware/contentLengthLimiter.go:42.30,44.41 1 4
github.com/TerraDharitri/drt-go-multi-factor-auth-service/api/middleware/contentLengthLimiter.go:44.41,46.4 1 0
github.com/TerraDharitri/drt-go-multi-factor-auth-service/api/middleware/contentLengthLimiter.go:48.3,50.10 3 4
github.com/TerraDharitri/drt-go-multi-factor-auth-service/api/middleware/contentLengthLimiter.go:50.10,61.4 3 1
github.com/TerraDharitri/drt-go-multi-factor-auth-service/api/middleware/contentLengthLimiter.go:63.3,63.39 1 3
github.com/TerraDharitri/drt-go-multi-factor-auth-service/api/middleware/contentLengthLimiter.go:63.39,74.4 3 1
github.com/TerraDharitri/drt-go-multi-factor-auth-service/api/middleware/contentLengthLimiter.go:76.3,76.33 1 2
github.com/TerraDharitri/drt-go-multi-factor-auth-service/api/middleware/contentLengthLimiter.go:76.33,87.4 3 1
github.com/TerraDharitri/drt-go-multi-factor-auth-service/api/middleware/contentLengthLimiter.go:89.3,89.11 1 1
github.com/TerraDharitri/drt-go-multi-factor-auth-service/api/middleware/contentLengthLimiter.go:94.54,96.2 1 4
github.com/TerraDharitri/drt-go-multi-factor-auth-service/api/middleware/metricsMiddleware.go:32.31,33.39 1 6
github.com/TerraDharitri/drt-go-multi-factor-auth-service/api/middleware/metricsMiddleware.go:33.39,35.3 1 2
github.com/TerraDharitri/drt-go-multi-factor-auth-service/api/middleware/metricsMiddleware.go:37.2,42.16 2 4
github.com/TerraDharitri/drt-go-multi-factor-auth-service/api/middleware/metricsMiddleware.go:46.70,47.30 1 1
github.com/TerraDharitri/drt-go-multi-factor-auth-service/api/middleware/metricsMiddleware.go:47.30,59.30 8 1
github.com/TerraDharitri/drt-go-multi-factor-auth-service/api/middleware/metricsMiddleware.go:59.30,61.4 1 1
github.com/TerraDharitri/drt-go-multi-factor-auth-service/api/middleware/metricsMiddleware.go:61.9,63.4 1 0
github.com/TerraDharitri/drt-go-multi-factor-auth-service/api/middleware/metricsMiddleware.go:65.3,65.65 1 1
github.com/TerraDharitri/drt-go-multi-factor-auth-service/api/middleware/metricsMiddleware.go:69.62,70.59 1 13
github.com/TerraDharitri/drt-go-multi-factor-auth-service/api/middleware/metricsMiddleware.go:70.59,72.22 2 21
github.com/TerraDharitri/drt-go-multi-factor-auth-service/api/middleware/metricsMiddleware.go:72.22,74.4 1 5
github.com/TerraDharitri/drt-go-multi-factor-auth-service/api/middleware/metricsMiddleware.go:76.3,76.51 1 16
github.com/TerraDharitri/drt-go-multi-factor-auth-service/api/middleware/metricsMiddleware.go:76.51,78.4 1 6
github.com/TerraDharitri/drt-go-multi-factor-auth-service/api/middleware/metricsMiddleware.go:81.2,81.19 1 2
github.com/TerraDharitri/drt-go-multi-factor-auth-service/api/middleware/metricsMiddleware.go:84.82,85.27 1 21
github.com/TerraDharitri/drt-go-multi-factor-auth-service/api/middleware/metricsMiddleware.go:85.27,86.14 1 38
github.com/TerraDharitri/drt-go-multi-factor-auth-service/api/middleware/metricsMiddleware.go:86.14,87.12 1 8
github.com/TerraDharitri/drt-go-multi-factor-auth-service/api/middleware/metricsMiddleware.go:90.3,90.58 1 30
github.com/TerraDharitri/drt-go-multi-factor-auth-service/api/middleware/metricsMiddleware.go:90.58,92.4 1 5
github.com/TerraDharitri/drt-go-multi-factor-auth-service/api/middleware/metricsMiddleware.go:95.2,95.11 1 16
github.com/TerraDharitri/drt-go-multi-factor-auth-service/api/middleware/metricsMiddleware.go:99.52,101.2 1 2
github.com/TerraDharitri/drt-go-multi-factor-auth-service/api/middleware/nativeAuth.go:35.61,37.16 2 9
github.com/TerraDharitri/drt-go-multi-factor-auth-service/api/middleware/nativeAuth.go:37.16,39.3 1 3
github.com/TerraDharitri/drt-go-multi-factor-auth-service/api/middleware/nativeAuth.go:41.2,45.8 1 6
github.com/TerraDharitri/drt-go-multi-factor-auth-service/api/middleware/nativeAuth.go:48.42,49.33 1 9
github.com/TerraDharitri/drt-go-multi-factor-auth-service/api/middleware/nativeAuth.go:49.33,51.3 1 1
github.com/TerraDharitri/drt-go-multi-factor-auth-service/api/middleware/nativeAuth.go:52.2,52.36 1 8
github.com/TerraDharitri/drt-go-multi-factor-auth-service/api/middleware/nativeAuth.go:52.36,54.3 1 1
github.com/TerraDharitri/drt-go-multi-factor-auth-service/api/middleware/nativeAuth.go:55.2,55.40 1 7
github.com/TerraDharitri/drt-go-multi-factor-auth-service/api/middleware/nativeAuth.go:55.40,57.3 1 1
github.com/TerraDharitri/drt-go-multi-factor-auth-service/api/middleware/nativeAuth.go:59.2,59.12 1 6
github.com/TerraDharitri/drt-go-multi-factor-auth-service/api/middleware/nativeAuth.go:63.71,64.30 1 5
github.com/TerraDharitri/drt-go-multi-factor-auth-service/api/middleware/nativeAuth.go:64.30,65.68 1 5
github.com/TerraDharitri/drt-go-multi-factor-auth-service/api/middleware/nativeAuth.go:65.68,68.4 2 1
github.com/TerraDharitri/drt-go-multi-factor-auth-service/api/middleware/nativeAuth.go:69.3,71.27 2 4
github.com/TerraDharitri/drt-go-multi-factor-auth-service/api/middleware/nativeAuth.go:71.27,82.4 3 1
github.com/TerraDharitri/drt-go-multi-factor-auth-service/api/middleware/nativeAuth.go:84.3,86.17 3 3
github.com/TerraDharitri/drt-go-multi-factor-auth-service/api/middleware/nativeAuth.go:86.17,97.4 3 1
github.com/TerraDharitri/drt-go-multi-factor-auth-service/api/middleware/nativeAuth.go:99.3,100.17 2 2
github.com/TerraDharitri/drt-go-multi-factor-auth-service/api/middleware/nativeAuth.go:100.17,111.4 3 1
github.com/TerraDharitri/drt-go-multi-factor-auth-service/api/middleware/nativeAuth.go:113.3,114.11 2 1
github.com/TerraDharitri/drt-go-multi-factor-auth-service/api/middleware/nativeAuth.go:119.53,121.2 1 6
github.com/TerraDharitri/drt-go-multi-factor-auth-service/api/middleware/nativeAuthWhitelistHandler.go:14.112,16.43 2 2
github.com/TerraDharitri/drt-go-multi-factor-auth-service/api/middleware/nativeAuthWhitelistHandler.go:16.43,20.41 3 2
github.com/TerraDharitri/drt-go-multi-factor-auth-service/api/middleware/nativeAuthWhitelistHandler.go:20.41,21.19 1 3
github.com/TerraDharitri/drt-go-multi-factor-auth-service/api/middleware/nativeAuthWhitelistHandler.go:21.19,24.5 2 2
github.com/TerraDharitri/drt-go-multi-factor-auth-service/api/middleware/nativeAuthWhitelistHandler.go:27.2,31.3 2 2
github.com/TerraDharitri/drt-go-multi-factor-auth-service/api/middleware/nativeAuthWhitelistHandler.go:35.77,38.2 2 10
github.com/TerraDharitri/drt-go-multi-factor-auth-service/api/middleware/nativeAuthWhitelistHandler.go:41.66,43.2 1 2
github.com/TerraDharitri/drt-go-multi-factor-auth-service/api/middleware/userContext.go:19.36,21.2 1 3
github.com/TerraDharitri/drt-go-multi-factor-auth-service/api/middleware/userContext.go:24.64,25.30 1 3
github.com/TerraDharitri/drt-go-multi-factor-auth-service/api/middleware/userContext.go:25.30,36.3 5 3
github.com/TerraDharitri/drt-go-multi-factor-auth-service/api/middleware/userContext.go:40.46,42.2 1 3
github.com/TerraDharitri/drt-go-multi-factor-auth-service/testscommon/middleware/nativeAuthWhitelistHandlerStub.go:9.78,10.37 1 5
github.com/TerraDharitri/drt-go-multi-factor-auth-service/testscommon/middleware/nativeAuthWhitelistHandlerStub.go:10.37,12.3 1 1
github.com/TerraDharitri/drt-go-multi-factor-auth-service/testscommon/middleware/nativeAuthWhitelistHandlerStub.go:13.2,13.14 1 4
github.com/TerraDharitri/drt-go-multi-factor-auth-service/testscommon/middleware/nativeAuthWhitelistHandlerStub.go:16.67,18.2 1 6
github.com/TerraDharitri/drt-go-multi-factor-auth-service/api/groups/baseGroup.go:23.67,25.2 1 0
github.com/TerraDharitri/drt-go-multi-factor-auth-service/api/groups/baseGroup.go:31.3,32.43 1 35
github.com/TerraDharitri/drt-go-multi-factor-auth-service/api/groups/baseGroup.go:32.43,35.25 2 301
github.com/TerraDharitri/drt-go-multi-factor-auth-service/api/groups/baseGroup.go:35.25,37.12 2 0
github.com/TerraDharitri/drt-go-multi-factor-auth-service/api/groups/baseGroup.go:40.3,40.71 1 301
github.com/TerraDharitri/drt-go-multi-factor-auth-service/api/groups/baseGroup.go:44.115,52.9 5 301
github.com/TerraDharitri/drt-go-multi-factor-auth-service/api/groups/baseGroup.go:52.9,56.3 1 0
github.com/TerraDharitri/drt-go-multi-factor-auth-service/api/groups/baseGroup.go:58.2,58.37 1 301
github.com/TerraDharitri/drt-go-multi-factor-auth-service/api/groups/baseGroup.go:58.37,59.25 1 1590
github.com/TerraDharitri/drt-go-multi-factor-auth-service/api/groups/baseGroup.go:59.25,63.4 1 301
github.com/TerraDharitri/drt-go-multi-factor-auth-service/api/groups/baseGroup.go:66.2,68.3 1 0
github.com/TerraDharitri/drt-go-multi-factor-auth-service/api/groups/guardianGroup.go:50.76,51.25 1 39
github.com/TerraDharitri/drt-go-multi-factor-auth-service/api/groups/guardianGroup.go:51.25,53.3 1 2
github.com/TerraDharitri/drt-go-multi-factor-auth-service/api/groups/guardianGroup.go:55.2,109.16 4 37
github.com/TerraDharitri/drt-go-multi-factor-auth-service/api/groups/guardianGroup.go:113.54,119.15 5 6
github.com/TerraDharitri/drt-go-multi-factor-auth-service/api/groups/guardianGroup.go:119.15,121.3 1 6
github.com/TerraDharitri/drt-go-multi-factor-auth-service/api/groups/guardianGroup.go:123.2,124.16 2 6
github.com/TerraDharitri/drt-go-multi-factor-auth-service/api/groups/guardianGroup.go:124.16,128.3 3 2
github.com/TerraDharitri/drt-go-multi-factor-auth-service/api/groups/guardianGroup.go:130.2,131.16 2 4
github.com/TerraDharitri/drt-go-multi-factor-auth-service/api/groups/guardianGroup.go:131.16,135.3 3 3
github.com/TerraDharitri/drt-go-multi-factor-auth-service/api/groups/guardianGroup.go:137.2,137.169 1 1
github.com/TerraDharitri/drt-go-multi-factor-auth-service/api/groups/guardianGroup.go:140.101,148.15 2 6
github.com/TerraDharitri/drt-go-multi-factor-auth-service/api/groups/guardianGroup.go:148.15,150.3 1 6
github.com/TerraDharitri/drt-go-multi-factor-auth-service/api/groups/guardianGroup.go:152.2,152.21 1 6
github.com/TerraDharitri/drt-go-multi-factor-auth-service/api/groups/guardianGroup.go:152.21,155.3 2 1
github.com/TerraDharitri/drt-go-multi-factor-auth-service/api/groups/guardianGroup.go:157.2,157.56 1 5
github.com/TerraDharitri/drt-go-multi-factor-auth-service/api/groups/guardianGroup.go:157.56,159.3 1 1
github.com/TerraDharitri/drt-go-multi-factor-auth-service/api/groups/guardianGroup.go:160.2,160.54 1 5
github.com/TerraDharitri/drt-go-multi-factor-auth-service/api/groups/guardianGroup.go:163.66,169.15 5 4
github.com/TerraDharitri/drt-go-multi-factor-auth-service/api/groups/guardianGroup.go:169.15,171.3 1 4
github.com/TerraDharitri/drt-go-multi-factor-auth-service/api/groups/guardianGroup.go:173.2,174.16 2 4
github.com/TerraDharitri/drt-go-multi-factor-auth-service/api/groups/guardianGroup.go:174.16,178.3 3 1
github.com/TerraDharitri/drt-go-multi-factor-auth-service/api/groups/guardianGroup.go:179.2,180.16 2 3
github.com/TerraDharitri/drt-go-multi-factor-auth-service/api/groups/guardianGroup.go:180.16,184.3 3 2
github.com/TerraDharitri/drt-go-multi-factor-auth-service/api/groups/guardianGroup.go:186.2,186.75 1 1
github.com/TerraDharitri/drt-go-multi-factor-auth-service/api/groups/guardianGroup.go:189.133,196.15 2 8
github.com/TerraDharitri/drt-go-multi-factor-auth-service/api/groups/guardianGroup.go:196.15,198.3 1 8
github.com/TerraDharitri/drt-go-multi-factor-auth-service/api/groups/guardianGroup.go:200.2,200.21 1 8
github.com/TerraDharitri/drt-go-multi-factor-auth-service/api/groups/guardianGroup.go:200.21,203.3 2 2
github.com/TerraDharitri/drt-go-multi-factor-auth-service/api/groups/guardianGroup.go:205.2,205.56 1 6
github.com/TerraDharitri/drt-go-multi-factor-auth-service/api/groups/guardianGroup.go:205.56,209.3 2 2
github.com/TerraDharitri/drt-go-multi-factor-auth-service/api/groups/guardianGroup.go:210.2,210.54 1 6
github.com/TerraDharitri/drt-go-multi-factor-auth-service/api/groups/guardianGroup.go:214.68,220.15 5 4
github.com/TerraDharitri/drt-go-multi-factor-auth-service/api/groups/guardianGroup.go:220.15,222.3 1 4
github.com/TerraDharitri/drt-go-multi-factor-auth-service/api/groups/guardianGroup.go:224.2,225.16 2 4
github.com/TerraDharitri/drt-go-multi-factor-auth-service/api/groups/guardianGroup.go:225.16,229.3 3 1
github.com/TerraDharitri/drt-go-multi-factor-auth-service/api/groups/guardianGroup.go:230.2,231.16 2 3
github.com/TerraDharitri/drt-go-multi-factor-auth-service/api/groups/guardianGroup.go:231.16,235.3 3 2
github.com/TerraDharitri/drt-go-multi-factor-auth-service/api/groups/guardianGroup.go:237.2,237.75 1 1
github.com/TerraDharitri/drt-go-multi-factor-auth-service/api/groups/guardianGroup.go:241.58,247.15 5 3
github.com/TerraDharitri/drt-go-multi-factor-auth-service/api/groups/guardianGroup.go:247.15,249.3 1 3
github.com/TerraDharitri/drt-go-multi-factor-auth-service/api/groups/guardianGroup.go:251.2,252.16 2 3
github.com/TerraDharitri/drt-go-multi-factor-auth-service/api/groups/guardianGroup.go:252.16,256.3 3 1
github.com/TerraDharitri/drt-go-multi-factor-auth-service/api/groups/guardianGroup.go:258.2,260.16 3 2
github.com/TerraDharitri/drt-go-multi-factor-auth-service/api/groups/guardianGroup.go:260.16,264.3 3 2
github.com/TerraDharitri/drt-go-multi-factor-auth-service/api/groups/guardianGroup.go:266.2,267.16 2 0
github.com/TerraDharitri/drt-go-multi-factor-auth-service/api/groups/guardianGroup.go:267.16,271.3 3 0
github.com/TerraDharitri/drt-go-multi-factor-auth-service/api/groups/guardianGroup.go:273.2,273.95 1 0
github.com/TerraDharitri/drt-go-multi-factor-auth-service/api/groups/guardianGroup.go:276.109,283.15 2 3
github.com/TerraDharitri/drt-go-multi-factor-auth-service/api/groups/guardianGroup.go:283.15,285.3 1 3
github.com/TerraDharitri/drt-go-multi-factor-auth-service/api/groups/guardianGroup.go:287.2,287.21 1 3
github.com/TerraDharitri/drt-go-multi-factor-auth-service/api/groups/guardianGroup.go:287.21,290.3 2 0
github.com/TerraDharitri/drt-go-multi-factor-auth-service/api/groups/guardianGroup.go:292.2,292.56 1 3
github.com/TerraDharitri/drt-go-multi-factor-auth-service/api/groups/guardianGroup.go:292.56,294.3 1 1
github.com/TerraDharitri/drt-go-multi-factor-auth-service/api/groups/guardianGroup.go:295.2,295.54 1 3
github.com/TerraDharitri/drt-go-multi-factor-auth-service/api/groups/guardianGroup.go:299.67,305.15 5 5
github.com/TerraDharitri/drt-go-multi-factor-auth-service/api/groups/guardianGroup.go:305.15,307.3 1 5
github.com/TerraDharitri/drt-go-multi-factor-auth-service/api/groups/guardianGroup.go:309.2,310.16 2 5
github.com/TerraDharitri/drt-go-multi-factor-auth-service/api/groups/guardianGroup.go:310.16,314.3 3 1
github.com/TerraDharitri/drt-go-multi-factor-auth-service/api/groups/guardianGroup.go:316.2,317.16 2 4
github.com/TerraDharitri/drt-go-multi-factor-auth-service/api/groups/guardianGroup.go:317.16,321.3 3 2
github.com/TerraDharitri/drt-go-multi-factor-auth-service/api/groups/guardianGroup.go:323.2,325.16 3 2
github.com/TerraDharitri/drt-go-multi-factor-auth-service/api/groups/guardianGroup.go:325.16,329.3 3 1
github.com/TerraDharitri/drt-go-multi-factor-auth-service/api/groups/guardianGroup.go:331.2,331.104 1 1
github.com/TerraDharitri/drt-go-multi-factor-auth-service/api/groups/guardianGroup.go:334.127,341.15 2 5
github.com/TerraDharitri/drt-go-multi-factor-auth-service/api/groups/guardianGroup.go:341.15,343.3 1 5
github.com/TerraDharitri/drt-go-multi-factor-auth-service/api/groups/guardianGroup.go:345.2,345.21 1 5
github.com/TerraDharitri/drt-go-multi-factor-auth-service/api/groups/guardianGroup.go:345.21,348.3 2 1
github.com/TerraDharitri/drt-go-multi-factor-auth-service/api/groups/guardianGroup.go:350.2,350.56 1 4
github.com/TerraDharitri/drt-go-multi-factor-auth-service/api/groups/guardianGroup.go:350.56,352.3 1 1
github.com/TerraDharitri/drt-go-multi-factor-auth-service/api/groups/guardianGroup.go:353.2,353.54 1 4
github.com/TerraDharitri/drt-go-multi-factor-auth-service/api/groups/guardianGroup.go:356.121,360.45 2 2
github.com/TerraDharitri/drt-go-multi-factor-auth-service/api/groups/guardianGroup.go:360.45,363.17 3 3
github.com/TerraDharitri/drt-go-multi-factor-auth-service/api/groups/guardianGroup.go:363.17,365.4 1 1
github.com/TerraDharitri/drt-go-multi-factor-auth-service/api/groups/guardianGroup.go:366.3,366.102 1 2
github.com/TerraDharitri/drt-go-multi-factor-auth-service/api/groups/guardianGroup.go:369.2,369.46 1 1
github.com/TerraDharitri/drt-go-multi-factor-auth-service/api/groups/guardianGroup.go:372.100,375.16 3 0
github.com/TerraDharitri/drt-go-multi-factor-auth-service/api/groups/guardianGroup.go:375.16,377.3 1 0
github.com/TerraDharitri/drt-go-multi-factor-auth-service/api/groups/guardianGroup.go:379.2,379.37 1 0
github.com/TerraDharitri/drt-go-multi-factor-auth-service/api/groups/guardianGroup.go:384.51,391.15 6 4
github.com/TerraDharitri/drt-go-multi-factor-auth-service/api/groups/guardianGroup.go:391.15,393.3 1 4
github.com/TerraDharitri/drt-go-multi-factor-auth-service/api/groups/guardianGroup.go:395.2,396.16 2 4
github.com/TerraDharitri/drt-go-multi-factor-auth-service/api/groups/guardianGroup.go:396.16,400.3 3 1
github.com/TerraDharitri/drt-go-multi-factor-auth-service/api/groups/guardianGroup.go:402.2,404.16 3 3
github.com/TerraDharitri/drt-go-multi-factor-auth-service/api/groups/guardianGroup.go:404.16,408.3 3 1
github.com/TerraDharitri/drt-go-multi-factor-auth-service/api/groups/guardianGroup.go:410.2,411.16 2 2
github.com/TerraDharitri/drt-go-multi-factor-auth-service/api/groups/guardianGroup.go:411.16,415.3 3 1
github.com/TerraDharitri/drt-go-multi-factor-auth-service/api/groups/guardianGroup.go:417.2,417.79 1 1
github.com/TerraDharitri/drt-go-multi-factor-auth-service/api/groups/guardianGroup.go:420.103,424.2 1 13
github.com/TerraDharitri/drt-go-multi-factor-auth-service/api/groups/guardianGroup.go:426.141,432.15 2 4
github.com/TerraDharitri/drt-go-multi-factor-auth-service/api/groups/guardianGroup.go:432.15,434.3 1 4
github.com/TerraDharitri/drt-go-multi-factor-auth-service/api/groups/guardianGroup.go:436.2,436.31 1 4
github.com/TerraDharitri/drt-go-multi-factor-auth-service/api/groups/guardianGroup.go:436.31,438.17 2 3
github.com/TerraDharitri/drt-go-multi-factor-auth-service/api/groups/guardianGroup.go:438.17,440.4 1 3
github.com/TerraDharitri/drt-go-multi-factor-auth-service/api/groups/guardianGroup.go:443.2,443.21 1 4
github.com/TerraDharitri/drt-go-multi-factor-auth-service/api/groups/guardianGroup.go:443.21,447.3 3 1
github.com/TerraDharitri/drt-go-multi-factor-auth-service/api/groups/guardianGroup.go:449.2,449.54 1 3
github.com/TerraDharitri/drt-go-multi-factor-auth-service/api/groups/guardianGroup.go:453.53,460.15 6 5
github.com/TerraDharitri/drt-go-multi-factor-auth-service/api/groups/guardianGroup.go:460.15,462.3 1 5
github.com/TerraDharitri/drt-go-multi-factor-auth-service/api/groups/guardianGroup.go:464.2,465.16 2 5
github.com/TerraDharitri/drt-go-multi-factor-auth-service/api/groups/guardianGroup.go:465.16,469.3 3 1
github.com/TerraDharitri/drt-go-multi-factor-auth-service/api/groups/guardianGroup.go:471.2,472.16 2 4
github.com/TerraDharitri/drt-go-multi-factor-auth-service/api/groups/guardianGroup.go:472.16,476.3 3 1
github.com/TerraDharitri/drt-go-multi-factor-auth-service/api/groups/guardianGroup.go:478.2,479.16 2 3
github.com/TerraDharitri/drt-go-multi-factor-auth-service/api/groups/guardianGroup.go:479.16,483.3 3 2
github.com/TerraDharitri/drt-go-multi-factor-auth-service/api/groups/guardianGroup.go:485.2,485.75 1 1
github.com/TerraDharitri/drt-go-multi-factor-auth-service/api/groups/guardianGroup.go:488.143,495.15 2 5
github.com/TerraDharitri/drt-go-multi-factor-auth-service/api/groups/guardianGroup.go:495.15,497.3 1 5
github.com/TerraDharitri/drt-go-multi-factor-auth-service/api/groups/guardianGroup.go:499.2,499.31 1 5
github.com/TerraDharitri/drt-go-multi-factor-auth-service/api/groups/guardianGroup.go:499.31,501.17 2 4
github.com/TerraDharitri/drt-go-multi-factor-auth-service/api/groups/guardianGroup.go:501.17,503.4 1 4
github.com/TerraDharitri/drt-go-multi-factor-auth-service/api/groups/guardianGroup.go:506.2,506.21 1 5
github.com/TerraDharitri/drt-go-multi-factor-auth-service/api/groups/guardianGroup.go:506.21,509.3 2 1
github.com/TerraDharitri/drt-go-multi-factor-auth-service/api/groups/guardianGroup.go:511.2,511.56 1 4
github.com/TerraDharitri/drt-go-multi-factor-auth-service/api/groups/guardianGroup.go:511.56,513.3 1 1
github.com/TerraDharitri/drt-go-multi-factor-auth-service/api/groups/guardianGroup.go:514.2,514.54 1 4
github.com/TerraDharitri/drt-go-multi-factor-auth-service/api/groups/guardianGroup.go:517.58,521.16 4 2
github.com/TerraDharitri/drt-go-multi-factor-auth-service/api/groups/guardianGroup.go:521.16,524.3 2 1
github.com/TerraDharitri/drt-go-multi-factor-auth-service/api/groups/guardianGroup.go:526.2,526.79 1 1
github.com/TerraDharitri/drt-go-multi-factor-auth-service/api/groups/guardianGroup.go:529.49,536.2 5 1
github.com/TerraDharitri/drt-go-multi-factor-auth-service/api/groups/guardianGroup.go:538.113,547.2 1 35
github.com/TerraDharitri/drt-go-multi-factor-auth-service/api/groups/guardianGroup.go:549.67,557.63 1 26
github.com/TerraDharitri/drt-go-multi-factor-auth-service/api/groups/guardianGroup.go:557.63,560.3 1 14
github.com/TerraDharitri/drt-go-multi-factor-auth-service/api/groups/guardianGroup.go:562.2,562.66 1 12
github.com/TerraDharitri/drt-go-multi-factor-auth-service/api/groups/guardianGroup.go:562.66,564.3 1 2
github.com/TerraDharitri/drt-go-multi-factor-auth-service/api/groups/guardianGroup.go:566.2,566.67 1 10
github.com/TerraDharitri/drt-go-multi-factor-auth-service/api/groups/guardianGroup.go:566.67,568.3 1 1
github.com/TerraDharitri/drt-go-multi-factor-auth-service/api/groups/guardianGroup.go:570.2,570.79 1 9
github.com/TerraDharitri/drt-go-multi-factor-auth-service/api/groups/guardianGroup.go:573.73,577.2 2 15
github.com/TerraDharitri/drt-go-multi-factor-auth-service/api/groups/guardianGroup.go:580.77,581.28 1 2
github.com/TerraDharitri/drt-go-multi-factor-auth-service/api/groups/guardianGroup.go:581.28,583.3 1 1
github.com/TerraDharitri/drt-go-multi-factor-auth-service/api/groups/guardianGroup.go:585.2,589.12 4 1
github.com/TerraDharitri/drt-go-multi-factor-auth-service/api/groups/guardianGroup.go:592.96,595.2 2 9
github.com/TerraDharitri/drt-go-multi-factor-auth-service/api/groups/guardianGroup.go:597.50,599.16 2 14
github.com/TerraDharitri/drt-go-multi-factor-auth-service/api/groups/guardianGroup.go:599.16,602.3 2 0
github.com/TerraDharitri/drt-go-multi-factor-auth-service/api/groups/guardianGroup.go:604.2,604.27 1 14
github.com/TerraDharitri/drt-go-multi-factor-auth-service/api/groups/guardianGroup.go:608.48,610.2 1 2
github.com/TerraDharitri/drt-go-multi-factor-auth-service/api/groups/statusGroup.go:27.72,28.25 1 8
github.com/TerraDharitri/drt-go-multi-factor-auth-service/api/groups/statusGroup.go:28.25,30.3 1 2
github.com/TerraDharitri/drt-go-multi-factor-auth-service/api/groups/statusGroup.go:32.2,51.16 4 6
github.com/TerraDharitri/drt-go-multi-factor-auth-service/api/groups/statusGroup.go:55.51,59.2 2 1
github.com/TerraDharitri/drt-go-multi-factor-auth-service/api/groups/statusGroup.go:62.61,66.2 2 1
github.com/TerraDharitri/drt-go-multi-factor-auth-service/api/groups/statusGroup.go:69.75,70.28 1 2
github.com/TerraDharitri/drt-go-multi-factor-auth-service/api/groups/statusGroup.go:70.28,72.3 1 1
github.com/TerraDharitri/drt-go-multi-factor-auth-service/api/groups/statusGroup.go:74.2,78.12 4 1
github.com/TerraDharitri/drt-go-multi-factor-auth-service/api/groups/statusGroup.go:82.46,84.2 1 2
github.com/TerraDharitri/drt-go-multi-factor-auth-service/testscommon/bucketIDProviderStub.go:8.78,9.43 1 0
github.com/TerraDharitri/drt-go-multi-factor-auth-service/testscommon/bucketIDProviderStub.go:9.43,11.3 1 0
github.com/TerraDharitri/drt-go-multi-factor-auth-service/testscommon/bucketIDProviderStub.go:12.2,12.10 1 0
github.com/TerraDharitri/drt-go-multi-factor-auth-service/testscommon/bucketIDProviderStub.go:16.57,18.2 1 0
github.com/TerraDharitri/drt-go-multi-factor-auth-service/testscommon/bucketIndexHandlerStub.go:14.65,15.27 1 0
github.com/TerraDharitri/drt-go-multi-factor-auth-service/testscommon/bucketIndexHandlerStub.go:15.27,17.3 1 0
github.com/TerraDharitri/drt-go-multi-factor-auth-service/testscommon/bucketIndexHandlerStub.go:18.2,18.12 1 0
github.com/TerraDharitri/drt-go-multi-factor-auth-service/testscommon/bucketIndexHandlerStub.go:22.69,23.27 1 0
github.com/TerraDharitri/drt-go-multi-factor-auth-service/testscommon/bucketIndexHandlerStub.go:23.27,25.3 1 0
github.com/TerraDharitri/drt-go-multi-factor-auth-service/testscommon/bucketIndexHandlerStub.go:26.2,26.17 1 0
github.com/TerraDharitri/drt-go-multi-factor-auth-service/testscommon/bucketIndexHandlerStub.go:30.59,31.27 1 0
github.com/TerraDharitri/drt-go-multi-factor-auth-service/testscommon/bucketIndexHandlerStub.go:31.27,33.3 1 0
github.com/TerraDharitri/drt-go-multi-factor-auth-service/testscommon/bucketIndexHandlerStub.go:34.2,34.12 1 0
github.com/TerraDharitri/drt-go-multi-factor-auth-service/testscommon/bucketIndexHandlerStub.go:38.51,39.29 1 0
github.com/TerraDharitri/drt-go-multi-factor-auth-service/testscommon/bucketIndexHandlerStub.go:39.29,41.3 1 0
github.com/TerraDharitri/drt-go-multi-factor-auth-service/testscommon/bucketIndexHandlerStub.go:42.2,42.12 1 0
github.com/TerraDharitri/drt-go-multi-factor-auth-service/testscommon/bucketIndexHandlerStub.go:46.75,47.43 1 0
github.com/TerraDharitri/drt-go-multi-factor-auth-service/testscommon/bucketIndexHandlerStub.go:47.43,49.3 1 0
github.com/TerraDharitri/drt-go-multi-factor-auth-service/testscommon/bucketIndexHandlerStub.go:50.2,50.15 1 0
github.com/TerraDharitri/drt-go-multi-factor-auth-service/testscommon/bucketIndexHandlerStub.go:54.68,55.36 1 0
github.com/TerraDharitri/drt-go-multi-factor-auth-service/testscommon/bucketIndexHandlerStub.go:55.36,57.3 1 0
github.com/TerraDharitri/drt-go-multi-factor-auth-service/testscommon/bucketIndexHandlerStub.go:58.2,58.15 1 0
github.com/TerraDharitri/drt-go-multi-factor-auth-service/testscommon/bucketIndexHandlerStub.go:62.59,64.2 1 0
github.com/TerraDharitri/drt-go-multi-factor-auth-service/testscommon/cryptoComponentsHolderFactoryStub.go:11.116,12.30 1 0
github.com/TerraDharitri/drt-go-multi-factor-auth-service/testscommon/cryptoComponentsHolderFactoryStub.go:12.30,14.3 1 0
github.com/TerraDharitri/drt-go-multi-factor-auth-service/testscommon/cryptoComponentsHolderFactoryStub.go:15.2,15.17 1 0
github.com/TerraDharitri/drt-go-multi-factor-auth-service/testscommon/cryptoComponentsHolderFactoryStub.go:19.70,21.2 1 0
github.com/TerraDharitri/drt-go-multi-factor-auth-service/testscommon/cryptoComponentsHolderStub.go:17.70,18.33 1 0
github.com/TerraDharitri/drt-go-multi-factor-auth-service/testscommon/cryptoComponentsHolderStub.go:18.33,20.3 1 0
github.com/TerraDharitri/drt-go-multi-factor-auth-service/testscommon/cryptoComponentsHolderStub.go:22.2,22.12 1 0
github.com/TerraDharitri/drt-go-multi-factor-auth-service/testscommon/cryptoComponentsHolderStub.go:26.72,27.34 1 0
github.com/TerraDharitri/drt-go-multi-factor-auth-service/testscommon/cryptoComponentsHolderStub.go:27.34,29.3 1 0
github.com/TerraDharitri/drt-go-multi-factor-auth-service/testscommon/cryptoComponentsHolderStub.go:31.2,31.12 1 0
github.com/TerraDharitri/drt-go-multi-factor-auth-service/testscommon/cryptoComponentsHolderStub.go:35.57,36.30 1 0
github.com/TerraDharitri/drt-go-multi-factor-auth-service/testscommon/cryptoComponentsHolderStub.go:36.30,38.3 1 0
github.com/TerraDharitri/drt-go-multi-factor-auth-service/testscommon/cryptoComponentsHolderStub.go:40.2,40.11 1 0
github.com/TerraDharitri/drt-go-multi-factor-auth-service/testscommon/cryptoComponentsHolderStub.go:44.78,45.38 1 0
github.com/TerraDharitri/drt-go-multi-factor-auth-service/testscommon/cryptoComponentsHolderStub.go:45.38,47.3 1 0
github.com/TerraDharitri/drt-go-multi-factor-auth-service/testscommon/cryptoComponentsHolderStub.go:49.2,49.12 1 0
github.com/TerraDharitri/drt-go-multi-factor-auth-service/testscommon/cryptoComponentsHolderStub.go:53.60,55.2 1 0
github.com/TerraDharitri/drt-go-multi-factor-auth-service/testscommon/encryptorStub.go:10.67,11.33 1 0
github.com/TerraDharitri/drt-go-multi-factor-auth-service/testscommon/encryptorStub.go:11.33,13.3 1 0
github.com/TerraDharitri/drt-go-multi-factor-auth-service/testscommon/encryptorStub.go:14.2,14.18 1 0
github.com/TerraDharitri/drt-go-multi-factor-auth-service/testscommon/encryptorStub.go:18.67,19.33 1 0
github.com/TerraDharitri/drt-go-multi-factor-auth-service/testscommon/encryptorStub.go:19.33,21.3 1 0
github.com/TerraDharitri/drt-go-multi-factor-auth-service/testscommon/encryptorStub.go:22.2,22.18 1 0
github.com/TerraDharitri/drt-go-multi-factor-auth-service/testscommon/encryptorStub.go:26.48,28.2 1 0
github.com/TerraDharitri/drt-go-multi-factor-auth-service/testscommon/guardedTxBuilderStub.go:14.151,15.46 1 0
github.com/TerraDharitri/drt-go-multi-factor-auth-service/testscommon/guardedTxBuilderStub.go:15.46,17.3 1 0
github.com/TerraDharitri/drt-go-multi-factor-auth-service/testscommon/guardedTxBuilderStub.go:18.2,18.12 1 0
github.com/TerraDharitri/drt-go-multi-factor-auth-service/testscommon/guardedTxBuilderStub.go:22.57,24.2 1 0
github.com/TerraDharitri/drt-go-multi-factor-auth-service/testscommon/httpClientWrapperStub.go:17.107,18.34 1 0
github.com/TerraDharitri/drt-go-multi-factor-auth-service/testscommon/httpClientWrapperStub.go:18.34,20.3 1 0
github.com/TerraDharitri/drt-go-multi-factor-auth-service/testscommon/httpClientWrapperStub.go:21.2,21.29 1 0
github.com/TerraDharitri/drt-go-multi-factor-auth-service/testscommon/httpClientWrapperStub.go:25.116,26.39 1 0
github.com/TerraDharitri/drt-go-multi-factor-auth-service/testscommon/httpClientWrapperStub.go:26.39,28.3 1 0
github.com/TerraDharitri/drt-go-multi-factor-auth-service/testscommon/httpClientWrapperStub.go:29.2,29.33 1 0
github.com/TerraDharitri/drt-go-multi-factor-auth-service/testscommon/httpClientWrapperStub.go:33.58,35.2 1 0
github.com/TerraDharitri/drt-go-multi-factor-auth-service/testscommon/keysGeneratorStub.go:12.80,13.42 1 0
github.com/TerraDharitri/drt-go-multi-factor-auth-service/testscommon/keysGeneratorStub.go:13.42,15.3 1 0
github.com/TerraDharitri/drt-go-multi-factor-auth-service/testscommon/keysGeneratorStub.go:16.2,16.17 1 0
github.com/TerraDharitri/drt-go-multi-factor-auth-service/testscommon/keysGeneratorStub.go:20.88,21.36 1 0
github.com/TerraDharitri/drt-go-multi-factor-auth-service/testscommon/keysGeneratorStub.go:21.36,23.3 1 0
github.com/TerraDharitri/drt-go-multi-factor-auth-service/testscommon/keysGeneratorStub.go:24.2,24.17 1 0
github.com/TerraDharitri/drt-go-multi-factor-auth-service/testscommon/keysGeneratorStub.go:28.54,30.2 1 0
github.com/TerraDharitri/drt-go-multi-factor-auth-service/testscommon/marshallerStub.go:10.70,11.31 1 0
github.com/TerraDharitri/drt-go-multi-factor-auth-service/testscommon/marshallerStub.go:11.31,13.3 1 0
github.com/TerraDharitri/drt-go-multi-factor-auth-service/testscommon/marshallerStub.go:14.2,14.17 1 0
github.com/TerraDharitri/drt-go-multi-factor-auth-service/testscommon/marshallerStub.go:18.75,19.33 1 0
github.com/TerraDharitri/drt-go-multi-factor-auth-service/testscommon/marshallerStub.go:19.33,21.3 1 0
github.com/TerraDharitri/drt-go-multi-factor-auth-service/testscommon/marshallerStub.go:22.2,22.12 1 0
github.com/TerraDharitri/drt-go-multi-factor-auth-service/testscommon/marshallerStub.go:26.51,28.2 1 0
github.com/TerraDharitri/drt-go-multi-factor-auth-service/testscommon/middlewareStub.go:13.69,14.30 1 33
github.com/TerraDharitri/drt-go-multi-factor-auth-service/testscommon/middlewareStub.go:14.30,16.3 1 34
github.com/TerraDharitri/drt-go-multi-factor-auth-service/testscommon/middlewareStub.go:20.51,22.2 1 0
github.com/TerraDharitri/drt-go-multi-factor-auth-service/testscommon/mongoDBClientMock.go:22.69,26.46 3 0
github.com/TerraDharitri/drt-go-multi-factor-auth-service/testscommon/mongoDBClientMock.go:26.46,32.3 3 0
github.com/TerraDharitri/drt-go-multi-factor-auth-service/testscommon/mongoDBClientMock.go:34.2,37.3 1 0
github.com/TerraDharitri/drt-go-multi-factor-auth-service/testscommon/mongoDBClientMock.go:41.91,46.9 4 0
github.com/TerraDharitri/drt-go-multi-factor-auth-service/testscommon/mongoDBClientMock.go:46.9,48.3 1 0
github.com/TerraDharitri/drt-go-multi-factor-auth-service/testscommon/mongoDBClientMock.go:50.2,52.12 2 0
github.com/TerraDharitri/drt-go-multi-factor-auth-service/testscommon/mongoDBClientMock.go:56.88,61.9 4 0
github.com/TerraDharitri/drt-go-multi-factor-auth-service/testscommon/mongoDBClientMock.go:61.9,63.3 1 0
github.com/TerraDharitri/drt-go-multi-factor-auth-service/testscommon/mongoDBClientMock.go:65.2,66.9 2 0
github.com/TerraDharitri/drt-go-multi-factor-auth-service/testscommon/mongoDBClientMock.go:66.9,68.3 1 0
github.com/TerraDharitri/drt-go-multi-factor-auth-service/testscommon/mongoDBClientMock.go:70.2,70.18 1 0
github.com/TerraDharitri/drt-go-multi-factor-auth-service/testscommon/mongoDBClientMock.go:74.78,79.9 4 0
github.com/TerraDharitri/drt-go-multi-factor-auth-service/testscommon/mongoDBClientMock.go:79.9,81.3 1 0
github.com/TerraDharitri/drt-go-multi-factor-auth-service/testscommon/mongoDBClientMock.go:83.2,84.9 2 0
github.com/TerraDharitri/drt-go-multi-factor-auth-service/testscommon/mongoDBClientMock.go:84.9,86.3 1 0
github.com/TerraDharitri/drt-go-multi-factor-auth-service/testscommon/mongoDBClientMock.go:88.2,88.12 1 0
github.com/TerraDharitri/drt-go-multi-factor-auth-service/testscommon/mongoDBClientMock.go:92.81,94.2 1 0
github.com/TerraDharitri/drt-go-multi-factor-auth-service/testscommon/mongoDBClientMock.go:97.93,99.2 1 0
github.com/TerraDharitri/drt-go-multi-factor-auth-service/testscommon/mongoDBClientMock.go:102.99,104.2 1 0
github.com/TerraDharitri/drt-go-multi-factor-auth-service/testscommon/mongoDBClientMock.go:107.110,109.2 1 0
github.com/TerraDharitri/drt-go-multi-factor-auth-service/testscommon/mongoDBClientMock.go:112.75,114.2 1 0
github.com/TerraDharitri/drt-go-multi-factor-auth-service/testscommon/mongoDBClientMock.go:117.43,119.2 1 0
github.com/TerraDharitri/drt-go-multi-factor-auth-service/testscommon/mongoDBClientMock.go:122.51,124.2 1 0
github.com/TerraDharitri/drt-go-multi-factor-auth-service/testscommon/mongoDBClientStub.go:21.91,22.24 1 0
github.com/TerraDharitri/drt-go-multi-factor-auth-service/testscommon/mongoDBClientStub.go:22.24,24.3 1 0
github.com/TerraDharitri/drt-go-multi-factor-auth-service/testscommon/mongoDBClientStub.go:26.2,26.12 1 0
github.com/TerraDharitri/drt-go-multi-factor-auth-service/testscommon/mongoDBClientStub.go:30.88,31.24 1 0
github.com/TerraDharitri/drt-go-multi-factor-auth-service/testscommon/mongoDBClientStub.go:31.24,33.3 1 0
github.com/TerraDharitri/drt-go-multi-factor-auth-service/testscommon/mongoDBClientStub.go:35.2,35.17 1 0
github.com/TerraDharitri/drt-go-multi-factor-auth-service/testscommon/mongoDBClientStub.go:39.78,40.24 1 0
github.com/TerraDharitri/drt-go-multi-factor-auth-service/testscommon/mongoDBClientStub.go:40.24,42.3 1 0
github.com/TerraDharitri/drt-go-multi-factor-auth-service/testscommon/mongoDBClientStub.go:44.2,44.12 1 0
github.com/TerraDharitri/drt-go-multi-factor-auth-service/testscommon/mongoDBClientStub.go:48.81,49.27 1 0
github.com/TerraDharitri/drt-go-multi-factor-auth-service/testscommon/mongoDBClientStub.go:49.27,51.3 1 0
github.com/TerraDharitri/drt-go-multi-factor-auth-service/testscommon/mongoDBClientStub.go:53.2,53.12 1 0
github.com/TerraDharitri/drt-go-multi-factor-auth-service/testscommon/mongoDBClientStub.go:57.93,58.29 1 0
github.com/TerraDharitri/drt-go-multi-factor-auth-service/testscommon/mongoDBClientStub.go:58.29,60.3 1 0
github.com/TerraDharitri/drt-go-multi-factor-auth-service/testscommon/mongoDBClientStub.go:62.2,62.15 1 0
github.com/TerraDharitri/drt-go-multi-factor-auth-service/testscommon/mongoDBClientStub.go:66.99,67.35 1 0
github.com/TerraDharitri/drt-go-multi-factor-auth-service/testscommon/mongoDBClientStub.go:67.35,69.3 1 0
github.com/TerraDharitri/drt-go-multi-factor-auth-service/testscommon/mongoDBClientStub.go:71.2,71.15 1 0
github.com/TerraDharitri/drt-go-multi-factor-auth-service/testscommon/mongoDBClientStub.go:75.110,76.40 1 0
github.com/TerraDharitri/drt-go-multi-factor-auth-service/testscommon/mongoDBClientStub.go:76.40,78.3 1 0
github.com/TerraDharitri/drt-go-multi-factor-auth-service/testscommon/mongoDBClientStub.go:80.2,80.12 1 0
github.com/TerraDharitri/drt-go-multi-factor-auth-service/testscommon/mongoDBClientStub.go:84.75,85.41 1 0
github.com/TerraDharitri/drt-go-multi-factor-auth-service/testscommon/mongoDBClientStub.go:85.41,87.3 1 0
github.com/TerraDharitri/drt-go-multi-factor-auth-service/testscommon/mongoDBClientStub.go:89.2,89.40 1 0
github.com/TerraDharitri/drt-go-multi-factor-auth-service/testscommon/mongoDBClientStub.go:93.43,94.26 1 0
github.com/TerraDharitri/drt-go-multi-factor-auth-service/testscommon/mongoDBClientStub.go:94.26,96.3 1 0
github.com/TerraDharitri/drt-go-multi-factor-auth-service/testscommon/mongoDBClientStub.go:98.2,98.12 1 0
github.com/TerraDharitri/drt-go-multi-factor-auth-service/testscommon/mongoDBClientStub.go:102.51,104.2 1 0
github.com/TerraDharitri/drt-go-multi-factor-auth-service/testscommon/otpProviderStub.go:16.99,17.36 1 0
github.com/TerraDharitri/drt-go-multi-factor-auth-service/testscommon/otpProviderStub.go:17.36,19.3 1 0
github.com/TerraDharitri/drt-go-multi-factor-auth-service/testscommon/otpProviderStub.go:20.2,20.17 1 0
github.com/TerraDharitri/drt-go-multi-factor-auth-service/testscommon/otpProviderStub.go:24.91,25.37 1 0
github.com/TerraDharitri/drt-go-multi-factor-auth-service/testscommon/otpProviderStub.go:25.37,27.3 1 0
github.com/TerraDharitri/drt-go-multi-factor-auth-service/testscommon/otpProviderStub.go:28.2,28.17 1 0
github.com/TerraDharitri/drt-go-multi-factor-auth-service/testscommon/otpProviderStub.go:32.52,34.2 1 0
github.com/TerraDharitri/drt-go-multi-factor-auth-service/testscommon/rateLimiterMock.go:19.76,25.2 1 0
github.com/TerraDharitri/drt-go-multi-factor-auth-service/testscommon/rateLimiterMock.go:28.117,33.13 4 0
github.com/TerraDharitri/drt-go-multi-factor-auth-service/testscommon/rateLimiterMock.go:33.13,36.3 2 0
github.com/TerraDharitri/drt-go-multi-factor-auth-service/testscommon/rateLimiterMock.go:38.2,38.35 1 0
github.com/TerraDharitri/drt-go-multi-factor-auth-service/testscommon/rateLimiterMock.go:38.35,40.3 1 0
github.com/TerraDharitri/drt-go-multi-factor-auth-service/testscommon/rateLimiterMock.go:42.2,45.20 3 0
github.com/TerraDharitri/drt-go-multi-factor-auth-service/testscommon/rateLimiterMock.go:45.20,47.3 1 0
github.com/TerraDharitri/drt-go-multi-factor-auth-service/testscommon/rateLimiterMock.go:49.2,49.78 1 0
github.com/TerraDharitri/drt-go-multi-factor-auth-service/testscommon/rateLimiterMock.go:53.69,55.2 1 0
github.com/TerraDharitri/drt-go-multi-factor-auth-service/testscommon/rateLimiterMock.go:58.71,60.2 1 0
github.com/TerraDharitri/drt-go-multi-factor-auth-service/testscommon/rateLimiterMock.go:63.51,70.2 4 0
github.com/TerraDharitri/drt-go-multi-factor-auth-service/testscommon/rateLimiterMock.go:73.75,78.13 4 0
github.com/TerraDharitri/drt-go-multi-factor-auth-service/testscommon/rateLimiterMock.go:78.13,80.3 1 0
github.com/TerraDharitri/drt-go-multi-factor-auth-service/testscommon/rateLimiterMock.go:82.2,84.12 2 0
github.com/TerraDharitri/drt-go-multi-factor-auth-service/testscommon/rateLimiterMock.go:88.62,90.2 1 0
github.com/TerraDharitri/drt-go-multi-factor-auth-service/testscommon/rateLimiterMock.go:93.50,95.2 1 0
github.com/TerraDharitri/drt-go-multi-factor-auth-service/testscommon/rateLimiterMock.go:98.62,100.2 1 0
github.com/TerraDharitri/drt-go-multi-factor-auth-service/testscommon/rateLimiterMock.go:103.49,105.2 1 0
github.com/TerraDharitri/drt-go-multi-factor-auth-service/testscommon/rateLimiterStub.go:22.120,23.50 1 0
github.com/TerraDharitri/drt-go-multi-factor-auth-service/testscommon/rateLimiterStub.go:23.50,25.3 1 0
github.com/TerraDharitri/drt-go-multi-factor-auth-service/testscommon/rateLimiterStub.go:27.2,27.17 1 0
github.com/TerraDharitri/drt-go-multi-factor-auth-service/testscommon/rateLimiterStub.go:31.75,32.46 1 0
github.com/TerraDharitri/drt-go-multi-factor-auth-service/testscommon/rateLimiterStub.go:32.46,34.3 1 0
github.com/TerraDharitri/drt-go-multi-factor-auth-service/testscommon/rateLimiterStub.go:36.2,36.12 1 0
github.com/TerraDharitri/drt-go-multi-factor-auth-service/testscommon/rateLimiterStub.go:40.69,41.44 1 0
github.com/TerraDharitri/drt-go-multi-factor-auth-service/testscommon/rateLimiterStub.go:41.44,43.3 1 0
github.com/TerraDharitri/drt-go-multi-factor-auth-service/testscommon/rateLimiterStub.go:44.2,44.12 1 0
github.com/TerraDharitri/drt-go-multi-factor-auth-service/testscommon/rateLimiterStub.go:48.71,49.46 1 0
github.com/TerraDharitri/drt-go-multi-factor-auth-service/testscommon/rateLimiterStub.go:49.46,51.3 1 0
github.com/TerraDharitri/drt-go-multi-factor-auth-service/testscommon/rateLimiterStub.go:52.2,52.12 1 0
github.com/TerraDharitri/drt-go-multi-factor-auth-service/testscommon/rateLimiterStub.go:56.51,57.26 1 0
github.com/TerraDharitri/drt-go-multi-factor-auth-service/testscommon/rateLimiterStub.go:57.26,59.3 1 0
github.com/TerraDharitri/drt-go-multi-factor-auth-service/testscommon/rateLimiterStub.go:61.2,61.12 1 0
github.com/TerraDharitri/drt-go-multi-factor-auth-service/testscommon/rateLimiterStub.go:65.65,66.27 1 0
github.com/TerraDharitri/drt-go-multi-factor-auth-service/testscommon/rateLimiterStub.go:66.27,68.3 1 0
github.com/TerraDharitri/drt-go-multi-factor-auth-service/testscommon/rateLimiterStub.go:70.2,70.10 1 0
github.com/TerraDharitri/drt-go-multi-factor-auth-service/testscommon/rateLimiterStub.go:74.53,75.25 1 0
github.com/TerraDharitri/drt-go-multi-factor-auth-service/testscommon/rateLimiterStub.go:75.25,77.3 1 0
github.com/TerraDharitri/drt-go-multi-factor-auth-service/testscommon/rateLimiterStub.go:79.2,79.10 1 0
github.com/TerraDharitri/drt-go-multi-factor-auth-service/testscommon/rateLimiterStub.go:83.64,84.39 1 0
github.com/TerraDharitri/drt-go-multi-factor-auth-service/testscommon/rateLimiterStub.go:84.39,86.3 1 0
github.com/TerraDharitri/drt-go-multi-factor-auth-service/testscommon/rateLimiterStub.go:88.2,88.12 1 0
github.com/TerraDharitri/drt-go-multi-factor-auth-service/testscommon/rateLimiterStub.go:92.49,94.2 1 0
github.com/TerraDharitri/drt-go-multi-factor-auth-service/testscommon/redisClientStub.go:22.85,23.30 1 0
github.com/TerraDharitri/drt-go-multi-factor-auth-service/testscommon/redisClientStub.go:23.30,25.3 1 0
github.com/TerraDharitri/drt-go-multi-factor-auth-service/testscommon/redisClientStub.go:27.2,27.15 1 0
github.com/TerraDharitri/drt-go-multi-factor-auth-service/testscommon/redisClientStub.go:31.85,32.30 1 0
github.com/TerraDharitri/drt-go-multi-factor-auth-service/testscommon/redisClientStub.go:32.30,34.3 1 0
github.com/TerraDharitri/drt-go-multi-factor-auth-service/testscommon/redisClientStub.go:35.2,35.15 1 0
github.com/TerraDharitri/drt-go-multi-factor-auth-service/testscommon/redisClientStub.go:39.103,40.30 1 0
github.com/TerraDharitri/drt-go-multi-factor-auth-service/testscommon/redisClientStub.go:40.30,42.3 1 0
github.com/TerraDharitri/drt-go-multi-factor-auth-service/testscommon/redisClientStub.go:44.2,44.19 1 0
github.com/TerraDharitri/drt-go-multi-factor-auth-service/testscommon/redisClientStub.go:48.114,49.41 1 0
github.com/TerraDharitri/drt-go-multi-factor-auth-service/testscommon/redisClientStub.go:49.41,51.3 1 0
github.com/TerraDharitri/drt-go-multi-factor-auth-service/testscommon/redisClientStub.go:53.2,53.19 1 0
github.com/TerraDharitri/drt-go-multi-factor-auth-service/testscommon/redisClientStub.go:57.85,58.31 1 0
github.com/TerraDharitri/drt-go-multi-factor-auth-service/testscommon/redisClientStub.go:58.31,60.3 1 0
github.com/TerraDharitri/drt-go-multi-factor-auth-service/testscommon/redisClientStub.go:61.2,61.18 1 0
github.com/TerraDharitri/drt-go-multi-factor-auth-service/testscommon/redisClientStub.go:65.113,66.40 1 0
github.com/TerraDharitri/drt-go-multi-factor-auth-service/testscommon/redisClientStub.go:66.40,68.3 1 0
github.com/TerraDharitri/drt-go-multi-factor-auth-service/testscommon/redisClientStub.go:70.2,70.18 1 0
github.com/TerraDharitri/drt-go-multi-factor-auth-service/testscommon/redisClientStub.go:74.89,75.43 1 0
github.com/TerraDharitri/drt-go-multi-factor-auth-service/testscommon/redisClientStub.go:75.43,77.3 1 0
github.com/TerraDharitri/drt-go-multi-factor-auth-service/testscommon/redisClientStub.go:79.2,79.12 1 0
github.com/TerraDharitri/drt-go-multi-factor-auth-service/testscommon/redisClientStub.go:83.94,84.31 1 0
github.com/TerraDharitri/drt-go-multi-factor-auth-service/testscommon/redisClientStub.go:84.31,86.3 1 0
github.com/TerraDharitri/drt-go-multi-factor-auth-service/testscommon/redisClientStub.go:88.2,88.15 1 0
github.com/TerraDharitri/drt-go-multi-factor-auth-service/testscommon/redisClientStub.go:92.65,93.32 1 0
github.com/TerraDharitri/drt-go-multi-factor-auth-service/testscommon/redisClientStub.go:93.32,95.3 1 0
github.com/TerraDharitri/drt-go-multi-factor-auth-service/testscommon/redisClientStub.go:97.2,97.14 1 0
github.com/TerraDharitri/drt-go-multi-factor-auth-service/testscommon/redisClientStub.go:101.49,103.2 1 0
github.com/TerraDharitri/drt-go-multi-factor-auth-service/testscommon/secureOtpHandlerStub.go:20.138,21.62 1 0
github.com/TerraDharitri/drt-go-multi-factor-auth-service/testscommon/secureOtpHandlerStub.go:21.62,23.3 1 0
github.com/TerraDharitri/drt-go-multi-factor-auth-service/testscommon/secureOtpHandlerStub.go:25.2,25.43 1 0
github.com/TerraDharitri/drt-go-multi-factor-auth-service/testscommon/secureOtpHandlerStub.go:29.77,30.47 1 0
github.com/TerraDharitri/drt-go-multi-factor-auth-service/testscommon/secureOtpHandlerStub.go:30.47,32.3 1 0
github.com/TerraDharitri/drt-go-multi-factor-auth-service/testscommon/secureOtpHandlerStub.go:33.2,33.12 1 0
github.com/TerraDharitri/drt-go-multi-factor-auth-service/testscommon/secureOtpHandlerStub.go:37.79,38.49 1 0
github.com/TerraDharitri/drt-go-multi-factor-auth-service/testscommon/secureOtpHandlerStub.go:38.49,40.3 1 0
github.com/TerraDharitri/drt-go-multi-factor-auth-service/testscommon/secureOtpHandlerStub.go:41.2,41.12 1 0
github.com/TerraDharitri/drt-go-multi-factor-auth-service/testscommon/secureOtpHandlerStub.go:45.68,46.29 1 0
github.com/TerraDharitri/drt-go-multi-factor-auth-service/testscommon/secureOtpHandlerStub.go:46.29,48.3 1 0
github.com/TerraDharitri/drt-go-multi-factor-auth-service/testscommon/secureOtpHandlerStub.go:52.91,53.57 1 0
github.com/TerraDharitri/drt-go-multi-factor-auth-service/testscommon/secureOtpHandlerStub.go:53.57,55.3 1 0
github.com/TerraDharitri/drt-go-multi-factor-auth-service/testscommon/secureOtpHandlerStub.go:57.2,57.12 1 0
github.com/TerraDharitri/drt-go-multi-factor-auth-service/testscommon/secureOtpHandlerStub.go:61.62,62.41 1 0
github.com/TerraDharitri/drt-go-multi-factor-auth-service/testscommon/secureOtpHandlerStub.go:62.41,64.3 1 0
github.com/TerraDharitri/drt-go-multi-factor-auth-service/testscommon/secureOtpHandlerStub.go:65.2,65.10 1 0
github.com/TerraDharitri/drt-go-multi-factor-auth-service/testscommon/secureOtpHandlerStub.go:69.62,70.41 1 0
github.com/TerraDharitri/drt-go-multi-factor-auth-service/testscommon/secureOtpHandlerStub.go:70.41,72.3 1 0
github.com/TerraDharitri/drt-go-multi-factor-auth-service/testscommon/secureOtpHandlerStub.go:74.2,74.10 1 0
github.com/TerraDharitri/drt-go-multi-factor-auth-service/testscommon/secureOtpHandlerStub.go:78.68,79.47 1 0
github.com/TerraDharitri/drt-go-multi-factor-auth-service/testscommon/secureOtpHandlerStub.go:79.47,81.3 1 0
github.com/TerraDharitri/drt-go-multi-factor-auth-service/testscommon/secureOtpHandlerStub.go:83.2,83.10 1 0
github.com/TerraDharitri/drt-go-multi-factor-auth-service/testscommon/secureOtpHandlerStub.go:87.68,88.47 1 0
github.com/TerraDharitri/drt-go-multi-factor-auth-service/testscommon/secureOtpHandlerStub.go:88.47,90.3 1 0
github.com/TerraDharitri/drt-go-multi-factor-auth-service/testscommon/secureOtpHandlerStub.go:91.2,91.10 1 0
github.com/TerraDharitri/drt-go-multi-factor-auth-service/testscommon/secureOtpHandlerStub.go:95.76,96.42 1 0
github.com/TerraDharitri/drt-go-multi-factor-auth-service/testscommon/secureOtpHandlerStub.go:96.42,98.3 1 0
github.com/TerraDharitri/drt-go-multi-factor-auth-service/testscommon/secureOtpHandlerStub.go:100.2,100.12 1 0
github.com/TerraDharitri/drt-go-multi-factor-auth-service/testscommon/secureOtpHandlerStub.go:104.57,106.2 1 0
github.com/TerraDharitri/drt-go-multi-factor-auth-service/testscommon/serviceResolverStub.go:25.149,26.36 1 0
github.com/TerraDharitri/drt-go-multi-factor-auth-service/testscommon/serviceResolverStub.go:26.36,28.3 1 0
github.com/TerraDharitri/drt-go-multi-factor-auth-service/testscommon/serviceResolverStub.go:29.2,29.33 1 0
github.com/TerraDharitri/drt-go-multi-factor-auth-service/testscommon/serviceResolverStub.go:33.168,34.34 1 0
github.com/TerraDharitri/drt-go-multi-factor-auth-service/testscommon/serviceResolverStub.go:34.34,36.3 1 0
github.com/TerraDharitri/drt-go-multi-factor-auth-service/testscommon/serviceResolverStub.go:37.2,37.17 1 0
github.com/TerraDharitri/drt-go-multi-factor-auth-service/testscommon/serviceResolverStub.go:41.136,42.35 1 0
github.com/TerraDharitri/drt-go-multi-factor-auth-service/testscommon/serviceResolverStub.go:42.35,44.3 1 0
github.com/TerraDharitri/drt-go-multi-factor-auth-service/testscommon/serviceResolverStub.go:45.2,45.34 1 0
github.com/TerraDharitri/drt-go-multi-factor-auth-service/testscommon/serviceResolverStub.go:49.149,50.47 1 0
github.com/TerraDharitri/drt-go-multi-factor-auth-service/testscommon/serviceResolverStub.go:50.47,52.3 1 0
github.com/TerraDharitri/drt-go-multi-factor-auth-service/testscommon/serviceResolverStub.go:53.2,53.17 1 0
github.com/TerraDharitri/drt-go-multi-factor-auth-service/testscommon/serviceResolverStub.go:57.151,58.49 1 0
github.com/TerraDharitri/drt-go-multi-factor-auth-service/testscommon/serviceResolverStub.go:58.49,60.3 1 0
github.com/TerraDharitri/drt-go-multi-factor-auth-service/testscommon/serviceResolverStub.go:61.2,61.17 1 0
github.com/TerraDharitri/drt-go-multi-factor-auth-service/testscommon/serviceResolverStub.go:65.144,66.39 1 0
github.com/TerraDharitri/drt-go-multi-factor-auth-service/testscommon/serviceResolverStub.go:66.39,68.3 1 0
github.com/TerraDharitri/drt-go-multi-factor-auth-service/testscommon/serviceResolverStub.go:69.2,69.34 1 0
github.com/TerraDharitri/drt-go-multi-factor-auth-service/testscommon/serviceResolverStub.go:73.164,74.48 1 0
github.com/TerraDharitri/drt-go-multi-factor-auth-service/testscommon/serviceResolverStub.go:74.48,76.3 1 0
github.com/TerraDharitri/drt-go-multi-factor-auth-service/testscommon/serviceResolverStub.go:77.2,77.36 1 0
github.com/TerraDharitri/drt-go-multi-factor-auth-service/testscommon/serviceResolverStub.go:81.68,82.39 1 0
github.com/TerraDharitri/drt-go-multi-factor-auth-service/testscommon/serviceResolverStub.go:82.39,84.3 1 0
github.com/TerraDharitri/drt-go-multi-factor-auth-service/testscommon/serviceResolverStub.go:85.2,85.15 1 0
github.com/TerraDharitri/drt-go-multi-factor-auth-service/testscommon/serviceResolverStub.go:89.65,90.33 1 0
github.com/TerraDharitri/drt-go-multi-factor-auth-service/testscommon/serviceResolverStub.go:90.33,92.3 1 0
github.com/TerraDharitri/drt-go-multi-factor-auth-service/testscommon/serviceResolverStub.go:94.2,97.3 1 0
github.com/TerraDharitri/drt-go-multi-factor-auth-service/testscommon/serviceResolverStub.go:101.56,103.2 1 0
github.com/TerraDharitri/drt-go-multi-factor-auth-service/testscommon/shardedStorageWithIndexMock.go:16.68,20.2 1 0
github.com/TerraDharitri/drt-go-multi-factor-auth-service/testscommon/shardedStorageWithIndexMock.go:23.82,25.2 1 0
github.com/TerraDharitri/drt-go-multi-factor-auth-service/testscommon/shardedStorageWithIndexMock.go:28.70,33.2 4 0
github.com/TerraDharitri/drt-go-multi-factor-auth-service/testscommon/shardedStorageWithIndexMock.go:36.74,40.9 4 0
github.com/TerraDharitri/drt-go-multi-factor-auth-service/testscommon/shardedStorageWithIndexMock.go:40.9,42.3 1 0
github.com/TerraDharitri/drt-go-multi-factor-auth-service/testscommon/shardedStorageWithIndexMock.go:43.2,43.18 1 0
github.com/TerraDharitri/drt-go-multi-factor-auth-service/testscommon/shardedStorageWithIndexMock.go:47.64,51.9 4 0
github.com/TerraDharitri/drt-go-multi-factor-auth-service/testscommon/shardedStorageWithIndexMock.go:51.9,53.3 1 0
github.com/TerraDharitri/drt-go-multi-factor-auth-service/testscommon/shardedStorageWithIndexMock.go:54.2,54.12 1 0
github.com/TerraDharitri/drt-go-multi-factor-auth-service/testscommon/shardedStorageWithIndexMock.go:58.56,60.2 1 0
github.com/TerraDharitri/drt-go-multi-factor-auth-service/testscommon/shardedStorageWithIndexMock.go:63.66,67.2 3 0
github.com/TerraDharitri/drt-go-multi-factor-auth-service/testscommon/shardedStorageWithIndexMock.go:70.64,72.2 1 0
github.com/TerraDharitri/drt-go-multi-factor-auth-service/testscommon/shardedStorageWithIndexStub.go:15.88,16.37 1 0
github.com/TerraDharitri/drt-go-multi-factor-auth-service/testscommon/shardedStorageWithIndexStub.go:16.37,18.3 1 0
github.com/TerraDharitri/drt-go-multi-factor-auth-service/testscommon/shardedStorageWithIndexStub.go:19.2,19.15 1 0
github.com/TerraDharitri/drt-go-multi-factor-auth-service/testscommon/shardedStorageWithIndexStub.go:23.70,24.27 1 0
github.com/TerraDharitri/drt-go-multi-factor-auth-service/testscommon/shardedStorageWithIndexStub.go:24.27,26.3 1 0
github.com/TerraDharitri/drt-go-multi-factor-auth-service/testscommon/shardedStorageWithIndexStub.go:27.2,27.12 1 0
github.com/TerraDharitri/drt-go-multi-factor-auth-service/testscommon/shardedStorageWithIndexStub.go:31.74,32.27 1 0
github.com/TerraDharitri/drt-go-multi-factor-auth-service/testscommon/shardedStorageWithIndexStub.go:32.27,34.3 1 0
github.com/TerraDharitri/drt-go-multi-factor-auth-service/testscommon/shardedStorageWithIndexStub.go:35.2,35.17 1 0
github.com/TerraDharitri/drt-go-multi-factor-auth-service/testscommon/shardedStorageWithIndexStub.go:39.64,40.27 1 0
github.com/TerraDharitri/drt-go-multi-factor-auth-service/testscommon/shardedStorageWithIndexStub.go:40.27,42.3 1 0
github.com/TerraDharitri/drt-go-multi-factor-auth-service/testscommon/shardedStorageWithIndexStub.go:43.2,43.12 1 0
github.com/TerraDharitri/drt-go-multi-factor-auth-service/testscommon/shardedStorageWithIndexStub.go:47.56,48.29 1 0
github.com/TerraDharitri/drt-go-multi-factor-auth-service/testscommon/shardedStorageWithIndexStub.go:48.29,50.3 1 0
github.com/TerraDharitri/drt-go-multi-factor-auth-service/testscommon/shardedStorageWithIndexStub.go:51.2,51.12 1 0
github.com/TerraDharitri/drt-go-multi-factor-auth-service/testscommon/shardedStorageWithIndexStub.go:55.94,56.43 1 0
github.com/TerraDharitri/drt-go-multi-factor-auth-service/testscommon/shardedStorageWithIndexStub.go:56.43,58.3 1 0
github.com/TerraDharitri/drt-go-multi-factor-auth-service/testscommon/shardedStorageWithIndexStub.go:59.2,59.15 1 0
github.com/TerraDharitri/drt-go-multi-factor-auth-service/testscommon/shardedStorageWithIndexStub.go:63.66,64.29 1 0
github.com/TerraDharitri/drt-go-multi-factor-auth-service/testscommon/shardedStorageWithIndexStub.go:64.29,66.3 1 0
github.com/TerraDharitri/drt-go-multi-factor-auth-service/testscommon/shardedStorageWithIndexStub.go:67.2,67.15 1 0
github.com/TerraDharitri/drt-go-multi-factor-auth-service/testscommon/shardedStorageWithIndexStub.go:71.64,73.2 1 0
github.com/TerraDharitri/drt-go-multi-factor-auth-service/testscommon/signerStub.go:18.92,19.32 1 0
github.com/TerraDharitri/drt-go-multi-factor-auth-service/testscommon/signerStub.go:19.32,21.3 1 0
github.com/TerraDharitri/drt-go-multi-factor-auth-service/testscommon/signerStub.go:23.2,23.17 1 0
github.com/TerraDharitri/drt-go-multi-factor-auth-service/testscommon/signerStub.go:27.94,28.32 1 0
github.com/TerraDharitri/drt-go-multi-factor-auth-service/testscommon/signerStub.go:28.32,30.3 1 0
github.com/TerraDharitri/drt-go-multi-factor-auth-service/testscommon/signerStub.go:32.2,32.12 1 0
github.com/TerraDharitri/drt-go-multi-factor-auth-service/testscommon/signerStub.go:36.121,37.36 1 0
github.com/TerraDharitri/drt-go-multi-factor-auth-service/testscommon/signerStub.go:37.36,39.3 1 0
github.com/TerraDharitri/drt-go-multi-factor-auth-service/testscommon/signerStub.go:41.2,41.17 1 0
github.com/TerraDharitri/drt-go-multi-factor-auth-service/testscommon/signerStub.go:45.94,46.34 1 0
github.com/TerraDharitri/drt-go-multi-factor-auth-service/testscommon/signerStub.go:46.34,48.3 1 0
github.com/TerraDharitri/drt-go-multi-factor-auth-service/testscommon/signerStub.go:50.2,50.17 1 0
github.com/TerraDharitri/drt-go-multi-factor-auth-service/testscommon/signerStub.go:54.96,55.36 1 0
github.com/TerraDharitri/drt-go-multi-factor-auth-service/testscommon/signerStub.go:55.36,57.3 1 0
github.com/TerraDharitri/drt-go-multi-factor-auth-service/testscommon/signerStub.go:59.2,59.12 1 0
github.com/TerraDharitri/drt-go-multi-factor-auth-service/testscommon/signerStub.go:63.44,65.2 1 0
github.com/TerraDharitri/drt-go-multi-factor-auth-service/testscommon/statusMetricsStub.go:17.93,18.35 1 0
github.com/TerraDharitri/drt-go-multi-factor-auth-service/testscommon/statusMetricsStub.go:18.35,20.3 1 0
github.com/TerraDharitri/drt-go-multi-factor-auth-service/testscommon/statusMetricsStub.go:24.83,25.27 1 0
github.com/TerraDharitri/drt-go-multi-factor-auth-service/testscommon/statusMetricsStub.go:25.27,27.3 1 0
github.com/TerraDharitri/drt-go-multi-factor-auth-service/testscommon/statusMetricsStub.go:29.2,29.12 1 0
github.com/TerraDharitri/drt-go-multi-factor-auth-service/testscommon/statusMetricsStub.go:33.62,34.44 1 0
github.com/TerraDharitri/drt-go-multi-factor-auth-service/testscommon/statusMetricsStub.go:34.44,36.3 1 0
github.com/TerraDharitri/drt-go-multi-factor-auth-service/testscommon/statusMetricsStub.go:38.2,38.11 1 0
github.com/TerraDharitri/drt-go-multi-factor-auth-service/testscommon/statusMetricsStub.go:42.51,44.2 1 0
github.com/TerraDharitri/drt-go-multi-factor-auth-service/testscommon/storerMock.go:19.34,23.2 1 0
github.com/TerraDharitri/drt-go-multi-factor-auth-service/testscommon/storerMock.go:26.37,28.2 1 0
github.com/TerraDharitri/drt-go-multi-factor-auth-service/testscommon/storerMock.go:31.51,37.2 4 0
github.com/TerraDharitri/drt-go-multi-factor-auth-service/testscommon/storerMock.go:40.68,42.2 1 0
github.com/TerraDharitri/drt-go-multi-factor-auth-service/testscommon/storerMock.go:45.55,50.9 4 0
github.com/TerraDharitri/drt-go-multi-factor-auth-service/testscommon/storerMock.go:50.9,52.3 1 0
github.com/TerraDharitri/drt-go-multi-factor-auth-service/testscommon/storerMock.go:54.2,54.17 1 0
github.com/TerraDharitri/drt-go-multi-factor-auth-service/testscommon/storerMock.go:58.74,60.2 1 0
github.com/TerraDharitri/drt-go-multi-factor-auth-service/testscommon/storerMock.go:63.91,65.2 1 0
github.com/TerraDharitri/drt-go-multi-factor-auth-service/testscommon/storerMock.go:68.61,70.2 1 0
github.com/TerraDharitri/drt-go-multi-factor-auth-service/testscommon/storerMock.go:73.45,78.9 4 0
github.com/TerraDharitri/drt-go-multi-factor-auth-service/testscommon/storerMock.go:78.9,80.3 1 0
github.com/TerraDharitri/drt-go-multi-factor-auth-service/testscommon/storerMock.go:81.2,81.12 1 0
github.com/TerraDharitri/drt-go-multi-factor-auth-service/testscommon/storerMock.go:85.64,87.2 1 0
github.com/TerraDharitri/drt-go-multi-factor-auth-service/testscommon/storerMock.go:90.48,97.2 4 0
github.com/TerraDharitri/drt-go-multi-factor-auth-service/testscommon/storerMock.go:100.56,102.2 1 0
github.com/TerraDharitri/drt-go-multi-factor-auth-service/testscommon/storerMock.go:105.37,106.2 0 0
github.com/TerraDharitri/drt-go-multi-factor-auth-service/testscommon/storerMock.go:109.43,111.2 1 0
github.com/TerraDharitri/drt-go-multi-factor-auth-service/testscommon/storerMock.go:114.45,116.2 1 0
github.com/TerraDharitri/drt-go-multi-factor-auth-service/testscommon/storerStub.go:26.51,27.25 1 0
github.com/TerraDharitri/drt-go-multi-factor-auth-service/testscommon/storerStub.go:27.25,29.3 1 0
github.com/TerraDharitri/drt-go-multi-factor-auth-service/testscommon/storerStub.go:30.2,30.12 1 0
github.com/TerraDharitri/drt-go-multi-factor-auth-service/testscommon/storerStub.go:34.72,35.32 1 0
github.com/TerraDharitri/drt-go-multi-factor-auth-service/testscommon/storerStub.go:35.32,37.3 1 0
github.com/TerraDharitri/drt-go-multi-factor-auth-service/testscommon/storerStub.go:38.2,38.12 1 0
github.com/TerraDharitri/drt-go-multi-factor-auth-service/testscommon/storerStub.go:42.55,43.25 1 0
github.com/TerraDharitri/drt-go-multi-factor-auth-service/testscommon/storerStub.go:43.25,45.3 1 0
github.com/TerraDharitri/drt-go-multi-factor-auth-service/testscommon/storerStub.go:46.2,46.17 1 0
github.com/TerraDharitri/drt-go-multi-factor-auth-service/testscommon/storerStub.go:50.45,51.25 1 0
github.com/TerraDharitri/drt-go-multi-factor-auth-service/testscommon/storerStub.go:51.25,53.3 1 0
github.com/TerraDharitri/drt-go-multi-factor-auth-service/testscommon/storerStub.go:54.2,54.12 1 0
github.com/TerraDharitri/drt-go-multi-factor-auth-service/testscommon/storerStub.go:58.63,59.33 1 0
github.com/TerraDharitri/drt-go-multi-factor-auth-service/testscommon/storerStub.go:59.33,61.3 1 0
github.com/TerraDharitri/drt-go-multi-factor-auth-service/testscommon/storerStub.go:62.2,62.17 1 0
github.com/TerraDharitri/drt-go-multi-factor-auth-service/testscommon/storerStub.go:66.64,67.44 1 0
github.com/TerraDharitri/drt-go-multi-factor-auth-service/testscommon/storerStub.go:67.44,69.3 1 0
github.com/TerraDharitri/drt-go-multi-factor-auth-service/testscommon/storerStub.go:70.2,70.12 1 0
github.com/TerraDharitri/drt-go-multi-factor-auth-service/testscommon/storerStub.go:74.48,75.28 1 0
github.com/TerraDharitri/drt-go-multi-factor-auth-service/testscommon/storerStub.go:75.28,77.3 1 0
github.com/TerraDharitri/drt-go-multi-factor-auth-service/testscommon/storerStub.go:78.2,78.12 1 0
github.com/TerraDharitri/drt-go-multi-factor-auth-service/testscommon/storerStub.go:82.36,83.32 1 0
github.com/TerraDharitri/drt-go-multi-factor-auth-service/testscommon/storerStub.go:83.32,85.3 1 0
github.com/TerraDharitri/drt-go-multi-factor-auth-service/testscommon/storerStub.go:89.43,90.33 1 0
github.com/TerraDharitri/drt-go-multi-factor-auth-service/testscommon/storerStub.go:90.33,92.3 1 0
github.com/TerraDharitri/drt-go-multi-factor-auth-service/testscommon/storerStub.go:93.2,93.12 1 0
github.com/TerraDharitri/drt-go-multi-factor-auth-service/testscommon/storerStub.go:97.78,98.34 1 0
github.com/TerraDharitri/drt-go-multi-factor-auth-service/testscommon/storerStub.go:98.34,100.3 1 0
github.com/TerraDharitri/drt-go-multi-factor-auth-service/testscommon/storerStub.go:101.2,101.17 1 0
github.com/TerraDharitri/drt-go-multi-factor-auth-service/testscommon/storerStub.go:105.98,106.38 1 0
github.com/TerraDharitri/drt-go-multi-factor-auth-service/testscommon/storerStub.go:106.38,108.3 1 0
github.com/TerraDharitri/drt-go-multi-factor-auth-service/testscommon/storerStub.go:109.2,109.17 1 0
github.com/TerraDharitri/drt-go-multi-factor-auth-service/testscommon/storerStub.go:113.56,114.36 1 0
github.com/TerraDharitri/drt-go-multi-factor-auth-service/testscommon/storerStub.go:114.36,116.3 1 0
github.com/TerraDharitri/drt-go-multi-factor-auth-service/testscommon/storerStub.go:117.2,117.15 1 0
github.com/TerraDharitri/drt-go-multi-factor-auth-service/testscommon/storerStub.go:121.37,122.27 1 0
github.com/TerraDharitri/drt-go-multi-factor-auth-service/testscommon/storerStub.go:122.27,124.3 1 0
github.com/TerraDharitri/drt-go-multi-factor-auth-service/testscommon/storerStub.go:125.2,125.12 1 0
github.com/TerraDharitri/drt-go-multi-factor-auth-service/testscommon/storerStub.go:129.45,131.2 1 0
github.com/TerraDharitri/drt-go-multi-factor-auth-service/testscommon/totpHandlerStub.go:14.79,15.34 1 0
github.com/TerraDharitri/drt-go-multi-factor-auth-service/testscommon/totpHandlerStub.go:15.34,17.3 1 0
github.com/TerraDharitri/drt-go-multi-factor-auth-service/testscommon/totpHandlerStub.go:18.2,18.17 1 0
github.com/TerraDharitri/drt-go-multi-factor-auth-service/testscommon/totpHandlerStub.go:22.91,23.37 1 0
github.com/TerraDharitri/drt-go-multi-factor-auth-service/testscommon/totpHandlerStub.go:23.37,25.3 1 0
github.com/TerraDharitri/drt-go-multi-factor-auth-service/testscommon/totpHandlerStub.go:26.2,26.17 1 0
github.com/TerraDharitri/drt-go-multi-factor-auth-service/testscommon/totpHandlerStub.go:30.52,32.2 1 0
github.com/TerraDharitri/drt-go-multi-factor-auth-service/testscommon/totpStub.go:13.55,14.32 1 0
github.com/TerraDharitri/drt-go-multi-factor-auth-service/testscommon/totpStub.go:14.32,16.3 1 0
github.com/TerraDharitri/drt-go-multi-factor-auth-service/testscommon/totpStub.go:17.2,17.12 1 0
github.com/TerraDharitri/drt-go-multi-factor-auth-service/testscommon/totpStub.go:21.45,22.27 1 0
github.com/TerraDharitri/drt-go-multi-factor-auth-service/testscommon/totpStub.go:22.27,24.3 1 0
github.com/TerraDharitri/drt-go-multi-factor-auth-service/testscommon/totpStub.go:25.2,25.16 1 0
github.com/TerraDharitri/drt-go-multi-factor-auth-service/testscommon/totpStub.go:29.44,30.26 1 0
github.com/TerraDharitri/drt-go-multi-factor-auth-service/testscommon/totpStub.go:30.26,32.3 1 0
github.com/TerraDharitri/drt-go-multi-factor-auth-service/testscommon/totpStub.go:33.2,33.29 1 0
github.com/TerraDharitri/drt-go-multi-factor-auth-service/testscommon/totpStub.go:37.49,38.31 1 0
github.com/TerraDharitri/drt-go-multi-factor-auth-service/testscommon/totpStub.go:38.31,40.3 1 0
github.com/TerraDharitri/drt-go-multi-factor-auth-service/testscommon/totpStub.go:41.2,41.29 1 0
github.com/TerraDharitri/drt-go-multi-factor-auth-service/testscommon/totpStub.go:45.45,46.27 1 0
github.com/TerraDharitri/drt-go-multi-factor-auth-service/testscommon/totpStub.go:46.27,48.3 1 0
github.com/TerraDharitri/drt-go-multi-factor-auth-service/testscommon/totpStub.go:49.2,49.16 1 0
github.com/TerraDharitri/drt-go-multi-factor-auth-service/testscommon/userEncryptorStub.go:12.96,13.38 1 0
github.com/TerraDharitri/drt-go-multi-factor-auth-service/testscommon/userEncryptorStub.go:13.38,15.3 1 0
github.com/TerraDharitri/drt-go-multi-factor-auth-service/testscommon/userEncryptorStub.go:16.2,16.22 1 0
github.com/TerraDharitri/drt-go-multi-factor-auth-service/testscommon/userEncryptorStub.go:20.96,21.38 1 0
github.com/TerraDharitri/drt-go-multi-factor-auth-service/testscommon/userEncryptorStub.go:21.38,23.3 1 0
github.com/TerraDharitri/drt-go-multi-factor-auth-service/testscommon/userEncryptorStub.go:24.2,24.22 1 0
github.com/TerraDharitri/drt-go-multi-factor-auth-service/testscommon/userEncryptorStub.go:28.53,30.2 1 0
github.com/TerraDharitri/drt-go-multi-factor-auth-service/testscommon/facade/guardianFacadeStub.go:26.167,27.34 1 3
github.com/TerraDharitri/drt-go-multi-factor-auth-service/testscommon/facade/guardianFacadeStub.go:27.34,29.3 1 3
github.com/TerraDharitri/drt-go-multi-factor-auth-service/testscommon/facade/guardianFacadeStub.go:30.2,30.17 1 0
github.com/TerraDharitri/drt-go-multi-factor-auth-service/testscommon/facade/guardianFacadeStub.go:34.148,35.36 1 2
github.com/TerraDharitri/drt-go-multi-factor-auth-service/testscommon/facade/guardianFacadeStub.go:35.36,37.3 1 2
github.com/TerraDharitri/drt-go-multi-factor-auth-service/testscommon/facade/guardianFacadeStub.go:38.2,38.33 1 0
github.com/TerraDharitri/drt-go-multi-factor-auth-service/testscommon/facade/guardianFacadeStub.go:42.135,43.35 1 4
github.com/TerraDharitri/drt-go-multi-factor-auth-service/testscommon/facade/guardianFacadeStub.go:43.35,45.3 1 4
github.com/TerraDharitri/drt-go-multi-factor-auth-service/testscommon/facade/guardianFacadeStub.go:46.2,46.34 1 0
github.com/TerraDharitri/drt-go-multi-factor-auth-service/testscommon/facade/guardianFacadeStub.go:50.148,51.47 1 3
github.com/TerraDharitri/drt-go-multi-factor-auth-service/testscommon/facade/guardianFacadeStub.go:51.47,53.3 1 3
github.com/TerraDharitri/drt-go-multi-factor-auth-service/testscommon/facade/guardianFacadeStub.go:54.2,54.17 1 0
github.com/TerraDharitri/drt-go-multi-factor-auth-service/testscommon/facade/guardianFacadeStub.go:58.150,59.49 1 3
github.com/TerraDharitri/drt-go-multi-factor-auth-service/testscommon/facade/guardianFacadeStub.go:59.49,61.3 1 3
github.com/TerraDharitri/drt-go-multi-factor-auth-service/testscommon/facade/guardianFacadeStub.go:62.2,62.17 1 0
github.com/TerraDharitri/drt-go-multi-factor-auth-service/testscommon/facade/guardianFacadeStub.go:66.143,67.39 1 2
github.com/TerraDharitri/drt-go-multi-factor-auth-service/testscommon/facade/guardianFacadeStub.go:67.39,69.3 1 2
github.com/TerraDharitri/drt-go-multi-factor-auth-service/testscommon/facade/guardianFacadeStub.go:70.2,70.34 1 0
github.com/TerraDharitri/drt-go-multi-factor-auth-service/testscommon/facade/guardianFacadeStub.go:74.163,75.48 1 4
github.com/TerraDharitri/drt-go-multi-factor-auth-service/testscommon/facade/guardianFacadeStub.go:75.48,77.3 1 4
github.com/TerraDharitri/drt-go-multi-factor-auth-service/testscommon/facade/guardianFacadeStub.go:78.2,78.36 1 0
github.com/TerraDharitri/drt-go-multi-factor-auth-service/testscommon/facade/guardianFacadeStub.go:82.67,83.39 1 2
github.com/TerraDharitri/drt-go-multi-factor-auth-service/testscommon/facade/guardianFacadeStub.go:83.39,85.3 1 2
github.com/TerraDharitri/drt-go-multi-factor-auth-service/testscommon/facade/guardianFacadeStub.go:86.2,86.15 1 0
github.com/TerraDharitri/drt-go-multi-factor-auth-service/testscommon/facade/guardianFacadeStub.go:90.64,91.33 1 1
github.com/TerraDharitri/drt-go-multi-factor-auth-service/testscommon/facade/guardianFacadeStub.go:91.33,93.3 1 1
github.com/TerraDharitri/drt-go-multi-factor-auth-service/testscommon/facade/guardianFacadeStub.go:95.2,98.3 1 0
github.com/TerraDharitri/drt-go-multi-factor-auth-service/testscommon/facade/guardianFacadeStub.go:102.91,103.34 1 1
github.com/TerraDharitri/drt-go-multi-factor-auth-service/testscommon/facade/guardianFacadeStub.go:103.34,105.3 1 1
github.com/TerraDharitri/drt-go-multi-factor-auth-service/testscommon/facade/guardianFacadeStub.go:107.2,107.12 1 0
github.com/TerraDharitri/drt-go-multi-factor-auth-service/testscommon/facade/guardianFacadeStub.go:111.66,112.47 1 1
github.com/TerraDharitri/drt-go-multi-factor-auth-service/testscommon/facade/guardianFacadeStub.go:112.47,114.3 1 1
github.com/TerraDharitri/drt-go-multi-factor-auth-service/testscommon/facade/guardianFacadeStub.go:116.2,116.11 1 0
github.com/TerraDharitri/drt-go-multi-factor-auth-service/testscommon/facade/guardianFacadeStub.go:120.55,122.2 1 45
github.com/TerraDharitri/drt-go-multi-factor-auth-service/core/sync/keymutex.go:12.34,16.2 1 6
github.com/TerraDharitri/drt-go-multi-factor-auth-service/core/sync/keymutex.go:19.42,21.2 1 702
github.com/TerraDharitri/drt-go-multi-factor-auth-service/core/sync/keymutex.go:24.44,27.2 2 702
github.com/TerraDharitri/drt-go-multi-factor-auth-service/core/sync/keymutex.go:30.41,32.2 1 202
github.com/TerraDharitri/drt-go-multi-factor-auth-service/core/sync/keymutex.go:35.43,38.2 2 202
github.com/TerraDharitri/drt-go-multi-factor-auth-service/core/sync/keymutex.go:41.56,46.9 4 202
github.com/TerraDharitri/drt-go-multi-factor-auth-service/core/sync/keymutex.go:46.9,48.3 1 12
github.com/TerraDharitri/drt-go-multi-factor-auth-service/core/sync/keymutex.go:49.2,51.14 2 202
github.com/TerraDharitri/drt-go-multi-factor-auth-service/core/sync/keymutex.go:55.57,60.9 4 702
github.com/TerraDharitri/drt-go-multi-factor-auth-service/core/sync/keymutex.go:60.9,62.3 1 58
github.com/TerraDharitri/drt-go-multi-factor-auth-service/core/sync/keymutex.go:63.2,65.14 2 702
github.com/TerraDharitri/drt-go-multi-factor-auth-service/core/sync/keymutex.go:69.58,74.8 4 202
github.com/TerraDharitri/drt-go-multi-factor-auth-service/core/sync/keymutex.go:74.8,76.3 1 202
github.com/TerraDharitri/drt-go-multi-factor-auth-service/core/sync/keymutex.go:78.2,78.14 1 202
github.com/TerraDharitri/drt-go-multi-factor-auth-service/core/sync/keymutex.go:82.59,87.8 4 702
github.com/TerraDharitri/drt-go-multi-factor-auth-service/core/sync/keymutex.go:87.8,89.3 1 702
github.com/TerraDharitri/drt-go-multi-factor-auth-service/core/sync/keymutex.go:91.2,91.14 1 702
github.com/TerraDharitri/drt-go-multi-factor-auth-service/core/sync/keymutex.go:95.62,97.9 2 70
github.com/TerraDharitri/drt-go-multi-factor-auth-service/core/sync/keymutex.go:97.9,100.3 2 70
github.com/TerraDharitri/drt-go-multi-factor-auth-service/core/sync/keymutex.go:101.2,101.14 1 70
github.com/TerraDharitri/drt-go-multi-factor-auth-service/core/sync/keymutex.go:105.49,110.31 4 904
github.com/TerraDharitri/drt-go-multi-factor-auth-service/core/sync/keymutex.go:110.31,112.3 1 70
github.com/TerraDharitri/drt-go-multi-factor-auth-service/core/sync/keymutex.go:116.46,118.2 1 2
github.com/TerraDharitri/drt-go-multi-factor-auth-service/core/sync/rwmutex.go:15.28,17.2 1 71
github.com/TerraDharitri/drt-go-multi-factor-auth-service/core/sync/rwmutex.go:19.40,21.2 1 203
github.com/TerraDharitri/drt-go-multi-factor-auth-service/core/sync/rwmutex.go:23.41,25.2 1 703
github.com/TerraDharitri/drt-go-multi-factor-auth-service/core/sync/rwmutex.go:27.42,29.2 1 203
github.com/TerraDharitri/drt-go-multi-factor-auth-service/core/sync/rwmutex.go:31.43,33.2 1 703
github.com/TerraDharitri/drt-go-multi-factor-auth-service/core/sync/rwmutex.go:36.27,38.2 1 203
github.com/TerraDharitri/drt-go-multi-factor-auth-service/core/sync/rwmutex.go:41.29,43.2 1 203
github.com/TerraDharitri/drt-go-multi-factor-auth-service/core/sync/rwmutex.go:46.28,48.2 1 703
github.com/TerraDharitri/drt-go-multi-factor-auth-service/core/sync/rwmutex.go:51.30,53.2 1 703
github.com/TerraDharitri/drt-go-multi-factor-auth-service/core/sync/rwmutex.go:56.37,61.2 3 898
github.com/TerraDharitri/drt-go-multi-factor-auth-service/facade/guardianFacade.go:23.74,24.39 1 5
github.com/TerraDharitri/drt-go-multi-factor-auth-service/facade/guardianFacade.go:24.39,26.3 1 1
github.com/TerraDharitri/drt-go-multi-factor-auth-service/facade/guardianFacade.go:27.2,27.44 1 4
github.com/TerraDharitri/drt-go-multi-factor-auth-service/facade/guardianFacade.go:27.44,29.3 1 1
github.com/TerraDharitri/drt-go-multi-factor-auth-service/facade/guardianFacade.go:31.2,34.8 1 3
github.com/TerraDharitri/drt-go-multi-factor-auth-service/facade/guardianFacade.go:38.164,40.2 1 1
[...]
github.com/TerraDharitri/drt-go-multi-factor-auth-service/testscommon/shardedStorageWithIndexStub.go:15.88,16.37 1 0
github.com/TerraDharitri/drt-go-multi-factor-auth-service/testscommon/shardedStorageWithIndexStub.go:16.37,18.3 1 0
github.com/TerraDharitri/drt-go-multi-factor-auth-service/testscommon/shardedStorageWithIndexStub.go:19.2,19.15 1 0
github.com/TerraDharitri/drt-go-multi-factor-auth-service/testscommon/shardedStorageWithIndexStub.go:23.70,24.27 1 0
github.com/TerraDharitri/drt-go-multi-factor-auth-service/testscommon/shardedStorageWithIndexStub.go:24.27,26.3 1 0
github.com/TerraDharitri/drt-go-multi-factor-auth-service/testscommon/shardedStorageWithIndexStub.go:27.2,27.12 1 0
github.com/TerraDharitri/drt-go-multi-factor-auth-service/testscommon/shardedStorageWithIndexStub.go:31.74,32.27 1 0
github.com/TerraDharitri/drt-go-multi-factor-auth-service/testscommon/shardedStorageWithIndexStub.go:32.27,34.3 1 0
github.com/TerraDharitri/drt-go-multi-factor-auth-service/testscommon/shardedStorageWithIndexStub.go:35.2,35.17 1 0
github.com/TerraDharitri/drt-go-multi-factor-auth-service/testscommon/shardedStorageWithIndexStub.go:39.64,40.27 1 0
github.com/TerraDharitri/drt-go-multi-factor-auth-service/testscommon/shardedStorageWithIndexStub.go:40.27,42.3 1 0
github.com/TerraDharitri/drt-go-multi-factor-auth-service/testscommon/shardedStorageWithIndexStub.go:43.2,43.12 1 0
github.com/TerraDharitri/drt-go-multi-factor-auth-service/testscommon/shardedStorageWithIndexStub.go:47.56,48.29 1 0
github.com/TerraDharitri/drt-go-multi-factor-auth-service/testscommon/shardedStorageWithIndexStub.go:48.29,50.3 1 0
github.com/TerraDharitri/drt-go-multi-factor-auth-service/testscommon/shardedStorageWithIndexStub.go:51.2,51.12 1 0
github.com/TerraDharitri/drt-go-multi-factor-auth-service/testscommon/shardedStorageWithIndexStub.go:55.94,56.43 1 0
github.com/TerraDharitri/drt-go-multi-factor-auth-service/testscommon/shardedStorageWithIndexStub.go:56.43,58.3 1 0
github.com/TerraDharitri/drt-go-multi-factor-auth-service/testscommon/shardedStorageWithIndexStub.go:59.2,59.15 1 0
github.com/TerraDharitri/drt-go-multi-factor-auth-service/testscommon/shardedStorageWithIndexStub.go:63.66,64.29 1 0
github.com/TerraDharitri/drt-go-multi-factor-auth-service/testscommon/shardedStorageWithIndexStub.go:64.29,66.3 1 0
github.com/TerraDharitri/drt-go-multi-factor-auth-service/testscommon/shardedStorageWithIndexStub.go:67.2,67.15 1 0
github.com/TerraDharitri/drt-go-multi-factor-auth-service/testscommon/shardedStorageWithIndexStub.go:71.64,73.2 1 0
github.com/TerraDharitri/drt-go-multi-factor-auth-service/testscommon/signerStub.go:18.92,19.32 1 0
github.com/TerraDharitri/drt-go-multi-factor-auth-service/testscommon/signerStub.go:19.32,21.3 1 0
github.com/TerraDharitri/drt-go-multi-factor-auth-service/testscommon/signerStub.go:23.2,23.17 1 0
github.com/TerraDharitri/drt-go-multi-factor-auth-service/testscommon/signerStub.go:27.94,28.32 1 0
github.com/TerraDharitri/drt-go-multi-factor-auth-service/testscommon/signerStub.go:28.32,30.3 1 0
github.com/TerraDharitri/drt-go-multi-factor-auth-service/testscommon/signerStub.go:32.2,32.12 1 0
github.com/TerraDharitri/drt-go-multi-factor-auth-service/testscommon/signerStub.go:36.121,37.36 1 0
github.com/TerraDharitri/drt-go-multi-factor-auth-service/testscommon/signerStub.go:37.36,39.3 1 0
github.com/TerraDharitri/drt-go-multi-factor-auth-service/testscommon/signerStub.go:41.2,41.17 1 0
github.com/TerraDharitri/drt-go-multi-factor-auth-service/testscommon/signerStub.go:45.94,46.34 1 0
github.com/TerraDharitri/drt-go-multi-factor-auth-service/testscommon/signerStub.go:46.34,48.3 1 0
github.com/TerraDharitri/drt-go-multi-factor-auth-service/testscommon/signerStub.go:50.2,50.17 1 0
github.com/TerraDharitri/drt-go-multi-factor-auth-service/testscommon/signerStub.go:54.96,55.36 1 0
github.com/TerraDharitri/drt-go-multi-factor-auth-service/testscommon/signerStub.go:55.36,57.3 1 0
github.com/TerraDharitri/drt-go-multi-factor-auth-service/testscommon/signerStub.go:59.2,59.12 1 0
github.com/TerraDharitri/drt-go-multi-factor-auth-service/testscommon/signerStub.go:63.44,65.2 1 0
github.com/TerraDharitri/drt-go-multi-factor-auth-service/testscommon/statusMetricsStub.go:17.93,18.35 1 0
github.com/TerraDharitri/drt-go-multi-factor-auth-service/testscommon/statusMetricsStub.go:18.35,20.3 1 0
github.com/TerraDharitri/drt-go-multi-factor-auth-service/testscommon/statusMetricsStub.go:24.83,25.27 1 0
github.com/TerraDharitri/drt-go-multi-factor-auth-service/testscommon/statusMetricsStub.go:25.27,27.3 1 0
github.com/TerraDharitri/drt-go-multi-factor-auth-service/testscommon/statusMetricsStub.go:29.2,29.12 1 0
github.com/TerraDharitri/drt-go-multi-factor-auth-service/testscommon/statusMetricsStub.go:33.62,34.44 1 0
github.com/TerraDharitri/drt-go-multi-factor-auth-service/testscommon/statusMetricsStub.go:34.44,36.3 1 0
github.com/TerraDharitri/drt-go-multi-factor-auth-service/testscommon/statusMetricsStub.go:38.2,38.11 1 0
github.com/TerraDharitri/drt-go-multi-factor-auth-service/testscommon/statusMetricsStub.go:42.51,44.2 1 13
github.com/TerraDharitri/drt-go-multi-factor-auth-service/testscommon/storerMock.go:19.34,23.2 1 0
github.com/TerraDharitri/drt-go-multi-factor-auth-service/testscommon/storerMock.go:26.37,28.2 1 0
github.com/TerraDharitri/drt-go-multi-factor-auth-service/testscommon/storerMock.go:31.51,37.2 4 0
github.com/TerraDharitri/drt-go-multi-factor-auth-service/testscommon/storerMock.go:40.68,42.2 1 0
github.com/TerraDharitri/drt-go-multi-factor-auth-service/testscommon/storerMock.go:45.55,50.9 4 0
github.com/TerraDharitri/drt-go-multi-factor-auth-service/testscommon/storerMock.go:50.9,52.3 1 0
github.com/TerraDharitri/drt-go-multi-factor-auth-service/testscommon/storerMock.go:54.2,54.17 1 0
github.com/TerraDharitri/drt-go-multi-factor-auth-service/testscommon/storerMock.go:58.74,60.2 1 0
github.com/TerraDharitri/drt-go-multi-factor-auth-service/testscommon/storerMock.go:63.91,65.2 1 0
github.com/TerraDharitri/drt-go-multi-factor-auth-service/testscommon/storerMock.go:68.61,70.2 1 0
github.com/TerraDharitri/drt-go-multi-factor-auth-service/testscommon/storerMock.go:73.45,78.9 4 0
github.com/TerraDharitri/drt-go-multi-factor-auth-service/testscommon/storerMock.go:78.9,80.3 1 0
github.com/TerraDharitri/drt-go-multi-factor-auth-service/testscommon/storerMock.go:81.2,81.12 1 0
github.com/TerraDharitri/drt-go-multi-factor-auth-service/testscommon/storerMock.go:85.64,87.2 1 0
github.com/TerraDharitri/drt-go-multi-factor-auth-service/testscommon/storerMock.go:90.48,97.2 4 0
github.com/TerraDharitri/drt-go-multi-factor-auth-service/testscommon/storerMock.go:100.56,102.2 1 0
github.com/TerraDharitri/drt-go-multi-factor-auth-service/testscommon/storerMock.go:105.37,106.2 0 0
github.com/TerraDharitri/drt-go-multi-factor-auth-service/testscommon/storerMock.go:109.43,111.2 1 0
github.com/TerraDharitri/drt-go-multi-factor-auth-service/testscommon/storerMock.go:114.45,116.2 1 0
github.com/TerraDharitri/drt-go-multi-factor-auth-service/testscommon/storerStub.go:26.51,27.25 1 0
github.com/TerraDharitri/drt-go-multi-factor-auth-service/testscommon/storerStub.go:27.25,29.3 1 0
github.com/TerraDharitri/drt-go-multi-factor-auth-service/testscommon/storerStub.go:30.2,30.12 1 0
github.com/TerraDharitri/drt-go-multi-factor-auth-service/testscommon/storerStub.go:34.72,35.32 1 0
github.com/TerraDharitri/drt-go-multi-factor-auth-service/testscommon/storerStub.go:35.32,37.3 1 0
github.com/TerraDharitri/drt-go-multi-factor-auth-service/testscommon/storerStub.go:38.2,38.12 1 0
github.com/TerraDharitri/drt-go-multi-factor-auth-service/testscommon/storerStub.go:42.55,43.25 1 0
github.com/TerraDharitri/drt-go-multi-factor-auth-service/testscommon/storerStub.go:43.25,45.3 1 0
github.com/TerraDharitri/drt-go-multi-factor-auth-service/testscommon/storerStub.go:46.2,46.17 1 0
github.com/TerraDharitri/drt-go-multi-factor-auth-service/testscommon/storerStub.go:50.45,51.25 1 0
github.com/TerraDharitri/drt-go-multi-factor-auth-service/testscommon/storerStub.go:51.25,53.3 1 0
github.com/TerraDharitri/drt-go-multi-factor-auth-service/testscommon/storerStub.go:54.2,54.12 1 0
github.com/TerraDharitri/drt-go-multi-factor-auth-service/testscommon/storerStub.go:58.63,59.33 1 0
github.com/TerraDharitri/drt-go-multi-factor-auth-service/testscommon/storerStub.go:59.33,61.3 1 0
github.com/TerraDharitri/drt-go-multi-factor-auth-service/testscommon/storerStub.go:62.2,62.17 1 0
github.com/TerraDharitri/drt-go-multi-factor-auth-service/testscommon/storerStub.go:66.64,67.44 1 0
github.com/TerraDharitri/drt-go-multi-factor-auth-service/testscommon/storerStub.go:67.44,69.3 1 0
github.com/TerraDharitri/drt-go-multi-factor-auth-service/testscommon/storerStub.go:70.2,70.12 1 0
github.com/TerraDharitri/drt-go-multi-factor-auth-service/testscommon/storerStub.go:74.48,75.28 1 0
github.com/TerraDharitri/drt-go-multi-factor-auth-service/testscommon/storerStub.go:75.28,77.3 1 0
github.com/TerraDharitri/drt-go-multi-factor-auth-service/testscommon/storerStub.go:78.2,78.12 1 0
github.com/TerraDharitri/drt-go-multi-factor-auth-service/testscommon/storerStub.go:82.36,83.32 1 0
github.com/TerraDharitri/drt-go-multi-factor-auth-service/testscommon/storerStub.go:83.32,85.3 1 0
github.com/TerraDharitri/drt-go-multi-factor-auth-service/testscommon/storerStub.go:89.43,90.33 1 0
github.com/TerraDharitri/drt-go-multi-factor-auth-service/testscommon/storerStub.go:90.33,92.3 1 0
github.com/TerraDharitri/drt-go-multi-factor-auth-service/testscommon/storerStub.go:93.2,93.12 1 0
github.com/TerraDharitri/drt-go-multi-factor-auth-service/testscommon/storerStub.go:97.78,98.34 1 0
github.com/TerraDharitri/drt-go-multi-factor-auth-service/testscommon/storerStub.go:98.34,100.3 1 0
github.com/TerraDharitri/drt-go-multi-factor-auth-service/testscommon/storerStub.go:101.2,101.17 1 0
github.com/TerraDharitri/drt-go-multi-factor-auth-service/testscommon/storerStub.go:105.98,106.38 1 0
github.com/TerraDharitri/drt-go-multi-factor-auth-service/testscommon/storerStub.go:106.38,108.3 1 0
github.com/TerraDharitri/drt-go-multi-factor-auth-service/testscommon/storerStub.go:109.2,109.17 1 0
github.com/TerraDharitri/drt-go-multi-factor-auth-service/testscommon/storerStub.go:113.56,114.36 1 0
github.com/TerraDharitri/drt-go-multi-factor-auth-service/testscommon/storerStub.go:114.36,116.3 1 0
github.com/TerraDharitri/drt-go-multi-factor-auth-service/testscommon/storerStub.go:117.2,117.15 1 0
github.com/TerraDharitri/drt-go-multi-factor-auth-service/testscommon/storerStub.go:121.37,122.27 1 0
github.com/TerraDharitri/drt-go-multi-factor-auth-service/testscommon/storerStub.go:122.27,124.3 1 0
github.com/TerraDharitri/drt-go-multi-factor-auth-service/testscommon/storerStub.go:125.2,125.12 1 0
github.com/TerraDharitri/drt-go-multi-factor-auth-service/testscommon/storerStub.go:129.45,131.2 1 0
github.com/TerraDharitri/drt-go-multi-factor-auth-service/testscommon/totpHandlerStub.go:14.79,15.34 1 0
github.com/TerraDharitri/drt-go-multi-factor-auth-service/testscommon/totpHandlerStub.go:15.34,17.3 1 0
github.com/TerraDharitri/drt-go-multi-factor-auth-service/testscommon/totpHandlerStub.go:18.2,18.17 1 0
github.com/TerraDharitri/drt-go-multi-factor-auth-service/testscommon/totpHandlerStub.go:22.91,23.37 1 0
github.com/TerraDharitri/drt-go-multi-factor-auth-service/testscommon/totpHandlerStub.go:23.37,25.3 1 0
github.com/TerraDharitri/drt-go-multi-factor-auth-service/testscommon/totpHandlerStub.go:26.2,26.17 1 0
github.com/TerraDharitri/drt-go-multi-factor-auth-service/testscommon/totpHandlerStub.go:30.52,32.2 1 0
github.com/TerraDharitri/drt-go-multi-factor-auth-service/testscommon/totpStub.go:13.55,14.32 1 0
github.com/TerraDharitri/drt-go-multi-factor-auth-service/testscommon/totpStub.go:14.32,16.3 1 0
github.com/TerraDharitri/drt-go-multi-factor-auth-service/testscommon/totpStub.go:17.2,17.12 1 0
github.com/TerraDharitri/drt-go-multi-factor-auth-service/testscommon/totpStub.go:21.45,22.27 1 0
github.com/TerraDharitri/drt-go-multi-factor-auth-service/testscommon/totpStub.go:22.27,24.3 1 0
github.com/TerraDharitri/drt-go-multi-factor-auth-service/testscommon/totpStub.go:25.2,25.16 1 0
github.com/TerraDharitri/drt-go-multi-factor-auth-service/testscommon/totpStub.go:29.44,30.26 1 0
github.com/TerraDharitri/drt-go-multi-factor-auth-service/testscommon/totpStub.go:30.26,32.3 1 0
github.com/TerraDharitri/drt-go-multi-factor-auth-service/testscommon/totpStub.go:33.2,33.29 1 0
github.com/TerraDharitri/drt-go-multi-factor-auth-service/testscommon/totpStub.go:37.49,38.31 1 0
github.com/TerraDharitri/drt-go-multi-factor-auth-service/testscommon/totpStub.go:38.31,40.3 1 0
github.com/TerraDharitri/drt-go-multi-factor-auth-service/testscommon/totpStub.go:41.2,41.29 1 0
github.com/TerraDharitri/drt-go-multi-factor-auth-service/testscommon/totpStub.go:45.45,46.27 1 0
github.com/TerraDharitri/drt-go-multi-factor-auth-service/testscommon/totpStub.go:46.27,48.3 1 0
github.com/TerraDharitri/drt-go-multi-factor-auth-service/testscommon/totpStub.go:49.2,49.16 1 0
github.com/TerraDharitri/drt-go-multi-factor-auth-service/testscommon/userEncryptorStub.go:12.96,13.38 1 0
github.com/TerraDharitri/drt-go-multi-factor-auth-service/testscommon/userEncryptorStub.go:13.38,15.3 1 0
github.com/TerraDharitri/drt-go-multi-factor-auth-service/testscommon/userEncryptorStub.go:16.2,16.22 1 0
github.com/TerraDharitri/drt-go-multi-factor-auth-service/testscommon/userEncryptorStub.go:20.96,21.38 1 0
github.com/TerraDharitri/drt-go-multi-factor-auth-service/testscommon/userEncryptorStub.go:21.38,23.3 1 0
github.com/TerraDharitri/drt-go-multi-factor-auth-service/testscommon/userEncryptorStub.go:24.2,24.22 1 0
github.com/TerraDharitri/drt-go-multi-factor-auth-service/testscommon/userEncryptorStub.go:28.53,30.2 1 0
github.com/TerraDharitri/drt-go-multi-factor-auth-service/testscommon/facade/guardianFacadeStub.go:26.167,27.34 1 0
github.com/TerraDharitri/drt-go-multi-factor-auth-service/testscommon/facade/guardianFacadeStub.go:27.34,29.3 1 0
github.com/TerraDharitri/drt-go-multi-factor-auth-service/testscommon/facade/guardianFacadeStub.go:30.2,30.17 1 0
github.com/TerraDharitri/drt-go-multi-factor-auth-service/testscommon/facade/guardianFacadeStub.go:34.148,35.36 1 0
github.com/TerraDharitri/drt-go-multi-factor-auth-service/testscommon/facade/guardianFacadeStub.go:35.36,37.3 1 0
github.com/TerraDharitri/drt-go-multi-factor-auth-service/testscommon/facade/guardianFacadeStub.go:38.2,38.33 1 0
github.com/TerraDharitri/drt-go-multi-factor-auth-service/testscommon/facade/guardianFacadeStub.go:42.135,43.35 1 0
github.com/TerraDharitri/drt-go-multi-factor-auth-service/testscommon/facade/guardianFacadeStub.go:43.35,45.3 1 0
github.com/TerraDharitri/drt-go-multi-factor-auth-service/testscommon/facade/guardianFacadeStub.go:46.2,46.34 1 0
github.com/TerraDharitri/drt-go-multi-factor-auth-service/testscommon/facade/guardianFacadeStub.go:50.148,51.47 1 0
github.com/TerraDharitri/drt-go-multi-factor-auth-service/testscommon/facade/guardianFacadeStub.go:51.47,53.3 1 0
github.com/TerraDharitri/drt-go-multi-factor-auth-service/testscommon/facade/guardianFacadeStub.go:54.2,54.17 1 0
github.com/TerraDharitri/drt-go-multi-factor-auth-service/testscommon/facade/guardianFacadeStub.go:58.150,59.49 1 0
github.com/TerraDharitri/drt-go-multi-factor-auth-service/testscommon/facade/guardianFacadeStub.go:59.49,61.3 1 0
github.com/TerraDharitri/drt-go-multi-factor-auth-service/testscommon/facade/guardianFacadeStub.go:62.2,62.17 1 0
github.com/TerraDharitri/drt-go-multi-factor-auth-service/testscommon/facade/guardianFacadeStub.go:66.143,67.39 1 0
github.com/TerraDharitri/drt-go-multi-factor-auth-service/testscommon/facade/guardianFacadeStub.go:67.39,69.3 1 0
github.com/TerraDharitri/drt-go-multi-factor-auth-service/testscommon/facade/guardianFacadeStub.go:70.2,70.34 1 0
github.com/TerraDharitri/drt-go-multi-factor-auth-service/testscommon/facade/guardianFacadeStub.go:74.163,75.48 1 0
github.com/TerraDharitri/drt-go-multi-factor-auth-service/testscommon/facade/guardianFacadeStub.go:75.48,77.3 1 0
github.com/TerraDharitri/drt-go-multi-factor-auth-service/testscommon/facade/guardianFacadeStub.go:78.2,78.36 1 0
github.com/TerraDharitri/drt-go-multi-factor-auth-service/testscommon/facade/guardianFacadeStub.go:82.67,83.39 1 0
github.com/TerraDharitri/drt-go-multi-factor-auth-service/testscommon/facade/guardianFacadeStub.go:83.39,85.3 1 0
github.com/TerraDharitri/drt-go-multi-factor-auth-service/testscommon/facade/guardianFacadeStub.go:86.2,86.15 1 0
github.com/TerraDharitri/drt-go-multi-factor-auth-service/testscommon/facade/guardianFacadeStub.go:90.64,91.33 1 0
github.com/TerraDharitri/drt-go-multi-factor-auth-service/testscommon/facade/guardianFacadeStub.go:91.33,93.3 1 0
github.com/TerraDharitri/drt-go-multi-factor-auth-service/testscommon/facade/guardianFacadeStub.go:95.2,98.3 1 0
github.com/TerraDharitri/drt-go-multi-factor-auth-service/testscommon/facade/guardianFacadeStub.go:102.91,103.34 1 0
github.com/TerraDharitri/drt-go-multi-factor-auth-service/testscommon/facade/guardianFacadeStub.go:103.34,105.3 1 0
github.com/TerraDharitri/drt-go-multi-factor-auth-service/testscommon/facade/guardianFacadeStub.go:107.2,107.12 1 0
github.com/TerraDharitri/drt-go-multi-factor-auth-service/testscommon/facade/guardianFacadeStub.go:111.66,112.47 1 0
github.com/TerraDharitri/drt-go-multi-factor-auth-service/testscommon/facade/guardianFacadeStub.go:112.47,114.3 1 0
github.com/TerraDharitri/drt-go-multi-factor-auth-service/testscommon/facade/guardianFacadeStub.go:116.2,116.11 1 0
github.com/TerraDharitri/drt-go-multi-factor-auth-service/testscommon/facade/guardianFacadeStub.go:120.55,122.2 1 23
github.com/TerraDharitri/drt-go-multi-factor-auth-service/testscommon/groups/groupHandlerStub.go:16.79,17.33 1 2
github.com/TerraDharitri/drt-go-multi-factor-auth-service/testscommon/groups/groupHandlerStub.go:17.33,19.3 1 2
github.com/TerraDharitri/drt-go-multi-factor-auth-service/testscommon/groups/groupHandlerStub.go:20.2,20.12 1 0
github.com/TerraDharitri/drt-go-multi-factor-auth-service/testscommon/groups/groupHandlerStub.go:24.98,25.35 1 0
github.com/TerraDharitri/drt-go-multi-factor-auth-service/testscommon/groups/groupHandlerStub.go:25.35,27.3 1 0
github.com/TerraDharitri/drt-go-multi-factor-auth-service/testscommon/groups/groupHandlerStub.go:31.50,33.2 1 0
github.com/TerraDharitri/drt-go-multi-factor-auth-service/testscommon/middleware/nativeAuthWhitelistHandlerStub.go:9.78,10.37 1 0
github.com/TerraDharitri/drt-go-multi-factor-auth-service/testscommon/middleware/nativeAuthWhitelistHandlerStub.go:10.37,12.3 1 0
github.com/TerraDharitri/drt-go-multi-factor-auth-service/testscommon/middleware/nativeAuthWhitelistHandlerStub.go:13.2,13.14 1 0
github.com/TerraDharitri/drt-go-multi-factor-auth-service/testscommon/middleware/nativeAuthWhitelistHandlerStub.go:16.67,18.2 1 12
github.com/TerraDharitri/drt-go-multi-factor-auth-service/testscommon/server/serverStub.go:13.45,14.35 1 3
github.com/TerraDharitri/drt-go-multi-factor-auth-service/testscommon/server/serverStub.go:14.35,16.3 1 2
github.com/TerraDharitri/drt-go-multi-factor-auth-service/testscommon/server/serverStub.go:17.2,17.12 1 1
github.com/TerraDharitri/drt-go-multi-factor-auth-service/testscommon/server/serverStub.go:21.58,22.29 1 1
github.com/TerraDharitri/drt-go-multi-factor-auth-service/testscommon/server/serverStub.go:22.29,24.3 1 1
github.com/TerraDharitri/drt-go-multi-factor-auth-service/testscommon/server/serverStub.go:25.2,25.12 1 0
github.com/TerraDharitri/drt-go-multi-factor-auth-service/testscommon/server/serverStub.go:29.36,30.26 1 0
github.com/TerraDharitri/drt-go-multi-factor-auth-service/testscommon/server/serverStub.go:30.26,32.3 1 0
github.com/TerraDharitri/drt-go-multi-factor-auth-service/testscommon/server/serverStub.go:33.2,33.12 1 0
